#
# There is insufficient memory for the Java Runtime Environment to continue.
# Native memory allocation (malloc) failed to allocate 65552 bytes for Chunk::new
# Possible reasons:
#   The system is out of physical RAM or swap space
#   The process is running with CompressedOops enabled, and the Java Heap may be blocking the growth of the native heap
# Possible solutions:
#   Reduce memory load on the system
#   Increase physical memory or swap space
#   Check if swap backing store is full
#   Decrease Java heap size (-Xmx/-Xms)
#   Decrease number of Java threads
#   Decrease Java thread stack sizes (-Xss)
#   Set larger code cache with -XX:ReservedCodeCacheSize=
#   JVM is running with Zero Based Compressed Oops mode in which the Java heap is
#     placed in the first 32GB address space. The Java Heap base address is the
#     maximum limit for the native heap growth. Please use -XX:HeapBaseMinAddress
#     to set the Java Heap base and to place the Java Heap above 32GB virtual address.
# This output file may be truncated or incomplete.
#
#  Out of Memory Error (allocation.cpp:389), pid=11368, tid=0x00000000000035b4
#
# JRE version: Java(TM) SE Runtime Environment (8.0_321-b07) (build 1.8.0_321-b07)
# Java VM: Java HotSpot(TM) 64-Bit Server VM (25.321-b07 mixed mode windows-amd64 compressed oops)
# Failed to write core dump. Minidumps are not enabled by default on client versions of Windows
#

---------------  T H R E A D  ---------------

Current thread (0x0000028eabbf3800):  JavaThread "C2 CompilerThread0" daemon [_thread_in_native, id=13748, stack(0x000000d8ce600000,0x000000d8ce700000)]

Stack: [0x000000d8ce600000,0x000000d8ce700000]
Native frames: (J=compiled Java code, j=interpreted, Vv=VM code, C=native code)
V  [jvm.dll+0x32fc49]
V  [jvm.dll+0x2761a2]
V  [jvm.dll+0x276e4d]
V  [jvm.dll+0x26d7f5]
V  [jvm.dll+0xd5a0c]
V  [jvm.dll+0xd620c]
V  [jvm.dll+0xd5d5d]
V  [jvm.dll+0x4c7b6f]
V  [jvm.dll+0x424913]
V  [jvm.dll+0x4e0bae]
V  [jvm.dll+0x4d43a3]
V  [jvm.dll+0x4d44bf]
V  [jvm.dll+0x4d67b1]
V  [jvm.dll+0x4d101c]
V  [jvm.dll+0x4d06bb]
V  [jvm.dll+0x4ce99f]
V  [jvm.dll+0x42dff0]
V  [jvm.dll+0x4532ce]
V  [jvm.dll+0x4d8a6c]
V  [jvm.dll+0x4d101c]
V  [jvm.dll+0x4d06bb]
V  [jvm.dll+0x4ce99f]
V  [jvm.dll+0x42dff0]
V  [jvm.dll+0x4532ce]
V  [jvm.dll+0x4d8a6c]
V  [jvm.dll+0x4d101c]
V  [jvm.dll+0x4d06bb]
V  [jvm.dll+0x4ce99f]
V  [jvm.dll+0x42dff0]
V  [jvm.dll+0x4532ce]
V  [jvm.dll+0x4d8a6c]
V  [jvm.dll+0x4d101c]
V  [jvm.dll+0x4d06bb]
V  [jvm.dll+0x4ce99f]
V  [jvm.dll+0x42dff0]
V  [jvm.dll+0x4532ce]
V  [jvm.dll+0x4d8a6c]
V  [jvm.dll+0x4d101c]
V  [jvm.dll+0x4d06bb]
V  [jvm.dll+0x4ce99f]
V  [jvm.dll+0x42dff0]
V  [jvm.dll+0x4532ce]
V  [jvm.dll+0x4d8a6c]
V  [jvm.dll+0x4d101c]
V  [jvm.dll+0x4d06bb]
V  [jvm.dll+0x4ce99f]
V  [jvm.dll+0x42dff0]
V  [jvm.dll+0x4532ce]
V  [jvm.dll+0x4d8a6c]
V  [jvm.dll+0x4d101c]
V  [jvm.dll+0x4d06bb]
V  [jvm.dll+0x4ce99f]
V  [jvm.dll+0x42dff0]
V  [jvm.dll+0x440d7d]
V  [jvm.dll+0x42becb]
V  [jvm.dll+0xac68b]
V  [jvm.dll+0xaaceb]
V  [jvm.dll+0x23e6f2]
V  [jvm.dll+0x292edc]
C  [ucrtbase.dll+0x21bb2]
C  [KERNEL32.DLL+0x174b4]
C  [ntdll.dll+0x526a1]


Current CompileTask:
C2:   1877  616       4       java.nio.file.FileTreeIterator::fetchNextIfNeeded (65 bytes)


---------------  P R O C E S S  ---------------

Java Threads: ( => current thread )
  0x0000028eabc51000 JavaThread "Service Thread" daemon [_thread_blocked, id=13176, stack(0x000000d8cea00000,0x000000d8ceb00000)]
  0x0000028eabc4a800 JavaThread "C1 CompilerThread3" daemon [_thread_blocked, id=7660, stack(0x000000d8ce900000,0x000000d8cea00000)]
  0x0000028eabc47000 JavaThread "C2 CompilerThread2" daemon [_thread_blocked, id=11216, stack(0x000000d8ce800000,0x000000d8ce900000)]
  0x0000028eabbf9000 JavaThread "C2 CompilerThread1" daemon [_thread_blocked, id=13844, stack(0x000000d8ce700000,0x000000d8ce800000)]
=>0x0000028eabbf3800 JavaThread "C2 CompilerThread0" daemon [_thread_in_native, id=13748, stack(0x000000d8ce600000,0x000000d8ce700000)]
  0x0000028eabbf2800 JavaThread "Attach Listener" daemon [_thread_blocked, id=6220, stack(0x000000d8ce500000,0x000000d8ce600000)]
  0x0000028eabbef800 JavaThread "Signal Dispatcher" daemon [_thread_blocked, id=10624, stack(0x000000d8ce400000,0x000000d8ce500000)]
  0x0000028eaafc7800 JavaThread "Finalizer" daemon [_thread_blocked, id=13640, stack(0x000000d8ce300000,0x000000d8ce400000)]
  0x0000028eaafc7000 JavaThread "Reference Handler" daemon [_thread_blocked, id=12140, stack(0x000000d8ce200000,0x000000d8ce300000)]
  0x0000028e905e0000 JavaThread "main" [_thread_in_native, id=10064, stack(0x000000d8cd800000,0x000000d8cd900000)]

Other Threads:
  0x0000028eabba4800 VMThread [stack: 0x000000d8ce100000,0x000000d8ce200000] [id=8992]
  0x0000028eabc54000 WatcherThread [stack: 0x000000d8ceb00000,0x000000d8cec00000] [id=16572]

VM state:not at safepoint (normal execution)

VM Mutex/Monitor currently owned by a thread: None

heap address: 0x00000006c4e00000, size: 4018 MB, Compressed Oops mode: Zero based, Oop shift amount: 3
Narrow klass base: 0x0000000000000000, Narrow klass shift: 3
Compressed class space size: 1073741824 Address: 0x00000007c0000000

Heap:
 PSYoungGen      total 75264K, used 14192K [0x000000076c500000, 0x0000000771900000, 0x00000007c0000000)
  eden space 64512K, 22% used [0x000000076c500000,0x000000076d2dc388,0x0000000770400000)
  from space 10752K, 0% used [0x0000000770e80000,0x0000000770e80000,0x0000000771900000)
  to   space 10752K, 0% used [0x0000000770400000,0x0000000770400000,0x0000000770e80000)
 ParOldGen       total 172032K, used 0K [0x00000006c4e00000, 0x00000006cf600000, 0x000000076c500000)
  object space 172032K, 0% used [0x00000006c4e00000,0x00000006c4e00000,0x00000006cf600000)
 Metaspace       used 6627K, capacity 6764K, committed 7040K, reserved 1056768K
  class space    used 742K, capacity 804K, committed 896K, reserved 1048576K

Card table byte_map: [0x0000028ea1440000,0x0000028ea1c20000] byte_map_base: 0x0000028e9de19000

Marking Bits: (ParMarkBitMap*) 0x0000000060d59030
 Begin Bits: [0x0000028ea2160000, 0x0000028ea6028000)
 End Bits:   [0x0000028ea6028000, 0x0000028ea9ef0000)

Polling page: 0x0000028e90790000

CodeCache: size=245760Kb used=2462Kb max_used=2474Kb free=243297Kb
 bounds [0x0000028e92080000, 0x0000028e922f0000, 0x0000028ea1080000]
 total_blobs=923 nmethods=617 adapters=219
 compilation: enabled

Compilation events (10 events):
Event: 1.648 Thread 0x0000028eabc4a800 nmethod 611 0x0000028e922e3c90 code [0x0000028e922e3e80, 0x0000028e922e4920]
Event: 1.648 Thread 0x0000028eabc4a800  613       3       sun.nio.fs.WindowsPath$WindowsPathWithAttributes::getFileSystem (5 bytes)
Event: 1.648 Thread 0x0000028eabc4a800 nmethod 613 0x0000028e922e3950 code [0x0000028e922e3aa0, 0x0000028e922e3c18]
Event: 1.648 Thread 0x0000028eabc4a800  612       3       sun.nio.fs.WindowsPath::needsSlashWhenResolving (37 bytes)
Event: 1.648 Thread 0x0000028eabc4a800 nmethod 612 0x0000028e922e2f50 code [0x0000028e922e30e0, 0x0000028e922e36d0]
Event: 1.816 Thread 0x0000028eabc4a800  614       3       java.util.stream.ReduceOps$3ReducingSink::accept (15 bytes)
Event: 1.816 Thread 0x0000028eabc4a800 nmethod 614 0x0000028e922e62d0 code [0x0000028e922e6440, 0x0000028e922e6670]
Event: 1.816 Thread 0x0000028eabc4a800  615       3       java.util.stream.Collectors$$Lambda$6/231685785::accept (11 bytes)
Event: 1.816 Thread 0x0000028eabc4a800 nmethod 615 0x0000028e922e6750 code [0x0000028e922e68c0, 0x0000028e922e6bf0]
Event: 1.839 Thread 0x0000028eabbf3800  616       4       java.nio.file.FileTreeIterator::fetchNextIfNeeded (65 bytes)

GC Heap History (0 events):
No events

Deoptimization events (1 events):
Event: 1.209 Thread 0x0000028e905e0000 Uncommon trap: reason=unstable_if action=reinterpret pc=0x0000028e921eaa9c method=java.lang.CharacterDataLatin1.digit(II)I @ 82

Classes redefined (0 events):
No events

Internal exceptions (4 events):
Event: 0.177 Thread 0x0000028e905e0000 Exception <a 'java/lang/NoSuchMethodError': Method sun.misc.Unsafe.defineClass(Ljava/lang/String;[BII)Ljava/lang/Class; name or signature does not match> (0x000000076c507cc0) thrown at [C:\jenkins\workspace\8-2-build-windows-amd64-cygwin\jdk8u321\2141\hot
Event: 0.177 Thread 0x0000028e905e0000 Exception <a 'java/lang/NoSuchMethodError': Method sun.misc.Unsafe.prefetchRead(Ljava/lang/Object;J)V name or signature does not match> (0x000000076c507fa8) thrown at [C:\jenkins\workspace\8-2-build-windows-amd64-cygwin\jdk8u321\2141\hotspot\src\share\vm\
Event: 1.160 Thread 0x0000028e905e0000 Exception <a 'java/lang/NoSuchFieldError': method resolution failed> (0x000000076cd5f048) thrown at [C:\jenkins\workspace\8-2-build-windows-amd64-cygwin\jdk8u321\2141\hotspot\src\share\vm\prims\methodHandles.cpp, line 1169]
Event: 1.162 Thread 0x0000028e905e0000 Exception <a 'java/lang/NoSuchFieldError': method resolution failed> (0x000000076cd6c3b8) thrown at [C:\jenkins\workspace\8-2-build-windows-amd64-cygwin\jdk8u321\2141\hotspot\src\share\vm\prims\methodHandles.cpp, line 1169]

Events (10 events):
Event: 1.220 loading class java/util/stream/Sink$ChainedReference done
Event: 1.220 loading class java/util/stream/ReferencePipeline$3$1 done
Event: 1.220 loading class java/util/stream/ReferencePipeline$2$1
Event: 1.221 loading class java/util/stream/ReferencePipeline$2$1 done
Event: 1.221 loading class sun/nio/fs/WindowsPath$WindowsPathWithAttributes
Event: 1.221 loading class sun/nio/fs/BasicFileAttributesHolder
Event: 1.221 loading class sun/nio/fs/BasicFileAttributesHolder done
Event: 1.221 loading class sun/nio/fs/WindowsPath$WindowsPathWithAttributes done
Event: 1.319 Thread 0x0000028e905e0000 DEOPT PACKING pc=0x0000028e922af515 sp=0x000000d8cd8fee30
Event: 1.319 Thread 0x0000028e905e0000 DEOPT UNPACKING pc=0x0000028e920c7918 sp=0x000000d8cd8feb80 mode 0


Dynamic libraries:
0x00007ff6dacf0000 - 0x00007ff6dad37000 	C:\Program Files\Java\jdk1.8.0_321\bin\java.exe
0x00007ff83a330000 - 0x00007ff83a528000 	C:\windows\SYSTEM32\ntdll.dll
0x00007ff838420000 - 0x00007ff8384df000 	C:\windows\System32\KERNEL32.DLL
0x00007ff837a30000 - 0x00007ff837d02000 	C:\windows\System32\KERNELBASE.dll
0x00007ff839a70000 - 0x00007ff839b1e000 	C:\windows\System32\ADVAPI32.dll
0x00007ff839150000 - 0x00007ff8391ee000 	C:\windows\System32\msvcrt.dll
0x00007ff838380000 - 0x00007ff83841c000 	C:\windows\System32\sechost.dll
0x00007ff8391f0000 - 0x00007ff839315000 	C:\windows\System32\RPCRT4.dll
0x00007ff838780000 - 0x00007ff83891d000 	C:\windows\System32\USER32.dll
0x00007ff838020000 - 0x00007ff838042000 	C:\windows\System32\win32u.dll
0x00007ff8385d0000 - 0x00007ff8385fb000 	C:\windows\System32\GDI32.dll
0x00007ff838050000 - 0x00007ff83815f000 	C:\windows\System32\gdi32full.dll
0x00007ff8382e0000 - 0x00007ff83837d000 	C:\windows\System32\msvcp_win.dll
0x00007ff837dc0000 - 0x00007ff837ec0000 	C:\windows\System32\ucrtbase.dll
0x00007ff81b570000 - 0x00007ff81b80a000 	C:\windows\WinSxS\amd64_microsoft.windows.common-controls_6595b64144ccf1df_6.0.19041.1110_none_60b5254171f9507e\COMCTL32.dll
0x00007ff838f60000 - 0x00007ff838f92000 	C:\windows\System32\IMM32.DLL
0x00007ff81b850000 - 0x00007ff81b865000 	C:\Program Files\Java\jdk1.8.0_321\jre\bin\vcruntime140.dll
0x00007fffb27c0000 - 0x00007fffb285b000 	C:\Program Files\Java\jdk1.8.0_321\jre\bin\msvcp140.dll
0x0000000060570000 - 0x0000000060dd1000 	C:\Program Files\Java\jdk1.8.0_321\jre\bin\server\jvm.dll
0x00007ff838600000 - 0x00007ff838608000 	C:\windows\System32\PSAPI.DLL
0x00007ff82f4c0000 - 0x00007ff82f4c9000 	C:\windows\SYSTEM32\WSOCK32.dll
0x00007ff8389a0000 - 0x00007ff838a0b000 	C:\windows\System32\WS2_32.dll
0x00007ff8165a0000 - 0x00007ff8165c7000 	C:\windows\SYSTEM32\WINMM.dll
0x00007ff82c5a0000 - 0x00007ff82c5aa000 	C:\windows\SYSTEM32\VERSION.dll
0x00007ff836280000 - 0x00007ff836292000 	C:\windows\SYSTEM32\kernel.appcore.dll
0x00007ff816bf0000 - 0x00007ff816c00000 	C:\Program Files\Java\jdk1.8.0_321\jre\bin\verify.dll
0x00007ff815b70000 - 0x00007ff815b9b000 	C:\Program Files\Java\jdk1.8.0_321\jre\bin\java.dll
0x00007ff816bd0000 - 0x00007ff816be8000 	C:\Program Files\Java\jdk1.8.0_321\jre\bin\zip.dll
0x00007ff839320000 - 0x00007ff839a63000 	C:\windows\System32\SHELL32.dll
0x00007ff835800000 - 0x00007ff835f92000 	C:\windows\SYSTEM32\windows.storage.dll
0x00007ff839f90000 - 0x00007ff83a2e4000 	C:\windows\System32\combase.dll
0x00007ff837490000 - 0x00007ff8374c0000 	C:\windows\SYSTEM32\Wldp.dll
0x00007ff838bc0000 - 0x00007ff838c6d000 	C:\windows\System32\SHCORE.dll
0x00007ff838fa0000 - 0x00007ff838ff5000 	C:\windows\System32\shlwapi.dll
0x00007ff837970000 - 0x00007ff83798f000 	C:\windows\SYSTEM32\profapi.dll
0x00007ff815a60000 - 0x00007ff815a7c000 	C:\Program Files\Java\jdk1.8.0_321\jre\bin\net.dll
0x00007ff8371f0000 - 0x00007ff83725a000 	C:\windows\system32\mswsock.dll
0x00007ff8133d0000 - 0x00007ff8133e3000 	C:\Program Files\Java\jdk1.8.0_321\jre\bin\nio.dll
0x00007ff836060000 - 0x00007ff836244000 	C:\windows\SYSTEM32\dbghelp.dll
0x00007ff838160000 - 0x00007ff8381e2000 	C:\windows\System32\bcryptPrimitives.dll

VM Arguments:
jvm_args: -Dfile.encoding=utf8 
java_command: c:\Users\mafat\.vscode\extensions\vscjava.vscode-gradle-3.12.6\lib\gradle-language-server.jar
java_class_path (initial): c:\Users\mafat\.vscode\extensions\vscjava.vscode-gradle-3.12.6\lib\gradle-language-server.jar
Launcher Type: SUN_STANDARD

Environment Variables:
PATH=C:\Users\mafat\AppData\Local\Programs\Python\Python310\Scripts\;C:\Users\mafat\AppData\Local\Programs\Python\Python310\;C:\Program Files\Common Files\Oracle\Java\javapath;C:\Program Files (x86)\Common Files\Oracle\Java\javapath;C:\windows\system32;C:\windows;C:\windows\System32\Wbem;C:\windows\System32\WindowsPowerShell\v1.0\;C:\windows\System32\OpenSSH\;C:\Program Files\Git\cmd;C:\Program Files\nodejs\;C:\ProgramData\chocolatey\bin;C:\Users\mafat\AppData\Local\Microsoft\WindowsApps;C:\Users\mafat\AppData\Local\Programs\Microsoft VS Code\bin;C:\Users\mafat\AppData\Local\GitHubDesktop\bin;C:\Users\mafat\AppData\Roaming\npm;C:\Users\mafat\AppData\Local\atom\bin
USERNAME=mafat
OS=Windows_NT
PROCESSOR_IDENTIFIER=Intel64 Family 6 Model 140 Stepping 1, GenuineIntel



---------------  S Y S T E M  ---------------

OS: Windows 10 , 64 bit Build 19041 (10.0.19041.2251)

CPU:total 8 (initial active 8) (4 cores per cpu, 2 threads per core) family 6 model 140 stepping 1, cmov, cx8, fxsr, mmx, sse, sse2, sse3, ssse3, sse4.1, sse4.2, popcnt, avx, avx2, aes, clmul, erms, 3dnowpref, lzcnt, ht, tsc, tscinvbit, bmi1, bmi2, adx

Memory: 4k page, physical 16449800k(2730700k free), swap 66781448k(171796k free)

vm_info: Java HotSpot(TM) 64-Bit Server VM (25.321-b07) for windows-amd64 JRE (1.8.0_321-b07), built on Dec 15 2021 11:19:20 by "java_re" with MS VC++ 15.9 (VS2017)

time: Wed Dec 14 15:28:47 2022
timezone: South Africa Standard Time
elapsed time: 1.882100 seconds (0d 0h 0m 1s)

