#
# There is insufficient memory for the Java Runtime Environment to continue.
# Native memory allocation (mmap) failed to map 65536 bytes for Failed to commit metaspace.
# Possible reasons:
#   The system is out of physical RAM or swap space
#   The process is running with CompressedOops enabled, and the Java Heap may be blocking the growth of the native heap
# Possible solutions:
#   Reduce memory load on the system
#   Increase physical memory or swap space
#   Check if swap backing store is full
#   Decrease Java heap size (-Xmx/-Xms)
#   Decrease number of Java threads
#   Decrease Java thread stack sizes (-Xss)
#   Set larger code cache with -XX:ReservedCodeCacheSize=
#   JVM is running with Unscaled Compressed Oops mode in which the Java heap is
#     placed in the first 4GB address space. The Java Heap base address is the
#     maximum limit for the native heap growth. Please use -XX:HeapBaseMinAddress
#     to set the Java Heap base and to place the Java Heap above 4GB virtual address.
# This output file may be truncated or incomplete.
#
#  Out of Memory Error (virtualSpaceNode.cpp:110), pid=7660, tid=13748
#
# JRE version:  (17.0.5+8) (build )
# Java VM: OpenJDK 64-Bit Server VM (17.0.5+8, mixed mode, tiered, compressed oops, compressed class ptrs, parallel gc, windows-amd64)
# No core dump will be written. Minidumps are not enabled by default on client versions of Windows
#

---------------  S U M M A R Y ------------

Command Line: --add-modules=ALL-SYSTEM --add-opens=java.base/java.util=ALL-UNNAMED --add-opens=java.base/java.lang=ALL-UNNAMED --add-opens=java.base/sun.nio.fs=ALL-UNNAMED -Declipse.application=org.eclipse.jdt.ls.core.id1 -Dosgi.bundles.defaultStartLevel=4 -Declipse.product=org.eclipse.jdt.ls.core.product -Djava.import.generatesMetadataFilesAtProjectRoot=false -Dfile.encoding=utf8 -XX:+UseParallelGC -XX:GCTimeRatio=4 -XX:AdaptiveSizePolicyWeight=90 -Dsun.zip.disableMemoryMapping=true -Xmx1G -Xms100m -Xlog:disable -javaagent:c:\Users\mafat\.vscode\extensions\redhat.java-1.13.0-win32-x64\lombok\lombok-1.18.24.jar -XX:+HeapDumpOnOutOfMemoryError -XX:HeapDumpPath=c:\Users\mafat\AppData\Roaming\Code\User\workspaceStorage\0e76ea2632a4499ddf5cfbc9fd5763ab\redhat.java c:\Users\mafat\.vscode\extensions\redhat.java-1.13.0-win32-x64\server\plugins\org.eclipse.equinox.launcher_1.6.400.v20210924-0641.jar -configuration c:\Users\mafat\AppData\Roaming\Code\User\globalStorage\redhat.java\1.13.0\config_win -data c:\Users\mafat\AppData\Roaming\Code\User\workspaceStorage\0e76ea2632a4499ddf5cfbc9fd5763ab\redhat.java\jdt_ws

Host: 11th Gen Intel(R) Core(TM) i5-1135G7 @ 2.40GHz, 8 cores, 15G,  Windows 10 , 64 bit Build 19041 (10.0.19041.2251)
Time: Wed Dec 14 15:29:07 2022 South Africa Standard Time elapsed time: 0.073482 seconds (0d 0h 0m 0s)

---------------  T H R E A D  ---------------

Current thread (0x0000026be432b790):  JavaThread "Unknown thread" [_thread_in_vm, id=13748, stack(0x000000e209900000,0x000000e209a00000)]

Stack: [0x000000e209900000,0x000000e209a00000]
Native frames: (J=compiled Java code, j=interpreted, Vv=VM code, C=native code)
V  [jvm.dll+0x676b3a]
V  [jvm.dll+0x831444]
V  [jvm.dll+0x832bee]
V  [jvm.dll+0x833253]
V  [jvm.dll+0x244ce5]
V  [jvm.dll+0x82d4db]
V  [jvm.dll+0x61b2f6]
V  [jvm.dll+0x61b35a]
V  [jvm.dll+0x61db7a]
V  [jvm.dll+0x61bc96]
V  [jvm.dll+0x23937f]
V  [jvm.dll+0x625af5]
V  [jvm.dll+0x1e99bb]
V  [jvm.dll+0x1e9ef5]
V  [jvm.dll+0x1ea92f]
V  [jvm.dll+0x1dfdd1]
V  [jvm.dll+0x53be30]
V  [jvm.dll+0x1f05a7]
V  [jvm.dll+0x7ab9db]
V  [jvm.dll+0x7acd82]
V  [jvm.dll+0x7ad0b8]
V  [jvm.dll+0x82fbcf]
V  [jvm.dll+0x82f95a]
V  [jvm.dll+0x801894]
V  [jvm.dll+0x80304d]
V  [jvm.dll+0x368be1]
V  [jvm.dll+0x7e265c]
V  [jvm.dll+0x3eb17f]
V  [jvm.dll+0x3eccc1]
C  [jli.dll+0x5267]
C  [ucrtbase.dll+0x21bb2]
C  [KERNEL32.DLL+0x174b4]
C  [ntdll.dll+0x526a1]


---------------  P R O C E S S  ---------------

Threads class SMR info:
_java_thread_list=0x00007fffad072f18, length=0, elements={
}

Java Threads: ( => current thread )

Other Threads:
  0x0000026be43418f0 GCTaskThread "GC Thread#0" [stack: 0x000000e209a00000,0x000000e209b00000] [id=13176]

=>0x0000026be432b790 (exited) JavaThread "Unknown thread" [_thread_in_vm, id=13748, stack(0x000000e209900000,0x000000e209a00000)]

Threads with active compile tasks:

VM state: not at safepoint (not fully initialized)

VM Mutex/Monitor currently owned by a thread:  ([mutex/lock_event])
[0x0000026be4326540] Metaspace_lock - owner thread: 0x0000026be432b790

Heap address: 0x00000000c0000000, size: 1024 MB, Compressed Oops mode: 32-bit

CDS archive(s) not mapped
Compressed class space mapped at: 0x0000000100000000-0x0000000140000000, reserved size: 1073741824
Narrow klass base: 0x0000000000000000, Narrow klass shift: 3, Narrow klass range: 0x140000000

GC Precious Log:
 CPUs: 8 total, 8 available
 Memory: 16064M
 Large Page Support: Disabled
 NUMA Support: Disabled
 Compressed Oops: Enabled (32-bit)
 Alignments: Space 512K, Generation 512K, Heap 2M
 Heap Min Capacity: 100M
 Heap Initial Capacity: 100M
 Heap Max Capacity: 1G
 Pre-touch: Disabled
 Parallel Workers: 8

Heap:
 PSYoungGen      total 29696K, used 512K [0x00000000eab00000, 0x00000000ecc00000, 0x0000000100000000)
  eden space 25600K, 2% used [0x00000000eab00000,0x00000000eab80070,0x00000000ec400000)
  from space 4096K, 0% used [0x00000000ec800000,0x00000000ec800000,0x00000000ecc00000)
  to   space 4096K, 0% used [0x00000000ec400000,0x00000000ec400000,0x00000000ec800000)
 ParOldGen       total 68608K, used 0K [0x00000000c0000000, 0x00000000c4300000, 0x00000000eab00000)
  object space 68608K, 0% used [0x00000000c0000000,0x00000000c0000000,0x00000000c4300000)
 Metaspace       used 835K, committed 896K, reserved 1056768K
  class space    used 67K, committed 128K, reserved 1048576K

Card table byte_map: [0x0000026be3ce0000,0x0000026be3ef0000] _byte_map_base: 0x0000026be36e0000

Marking Bits: (ParMarkBitMap*) 0x00007fffad0e0dd0
 Begin Bits: [0x0000026bf5fc0000, 0x0000026bf6fc0000)
 End Bits:   [0x0000026bf6fc0000, 0x0000026bf7fc0000)

GC Heap History (0 events):
No events

Dll operation events (1 events):
Event: 0.009 Loaded shared library c:\Users\mafat\.vscode\extensions\redhat.java-1.13.0-win32-x64\jre\17.0.5-win32-x86_64\bin\java.dll

Deoptimization events (0 events):
No events

Classes unloaded (0 events):
No events

Classes redefined (0 events):
No events

Internal exceptions (0 events):
No events

VM Operations (0 events):
No events

Events (20 events):
Event: 0.045 loading class java/lang/StringBuilder done
Event: 0.045 loading class jdk/internal/misc/UnsafeConstants
Event: 0.045 loading class jdk/internal/misc/UnsafeConstants done
Event: 0.045 loading class jdk/internal/misc/Unsafe
Event: 0.046 loading class jdk/internal/misc/Unsafe done
Event: 0.046 loading class jdk/internal/module/Modules
Event: 0.046 loading class jdk/internal/module/Modules done
Event: 0.046 loading class java/io/ByteArrayInputStream
Event: 0.046 loading class java/io/InputStream
Event: 0.046 loading class java/io/Closeable
Event: 0.046 loading class java/lang/AutoCloseable
Event: 0.046 loading class java/lang/AutoCloseable done
Event: 0.046 loading class java/io/Closeable done
Event: 0.046 loading class java/io/InputStream done
Event: 0.046 loading class java/io/ByteArrayInputStream done
Event: 0.046 loading class java/net/URL
Event: 0.047 loading class java/net/URL done
Event: 0.047 loading class java/util/jar/Manifest
Event: 0.047 loading class java/util/jar/Manifest done
Event: 0.047 loading class jdk/internal/loader/BuiltinClassLoader


Dynamic libraries:
0x00007ff7be000000 - 0x00007ff7be00e000 	c:\Users\mafat\.vscode\extensions\redhat.java-1.13.0-win32-x64\jre\17.0.5-win32-x86_64\bin\java.exe
0x00007ff83a330000 - 0x00007ff83a528000 	C:\windows\SYSTEM32\ntdll.dll
0x00007ff838420000 - 0x00007ff8384df000 	C:\windows\System32\KERNEL32.DLL
0x00007ff837a30000 - 0x00007ff837d02000 	C:\windows\System32\KERNELBASE.dll
0x00007ff837dc0000 - 0x00007ff837ec0000 	C:\windows\System32\ucrtbase.dll
0x00007ff805f10000 - 0x00007ff805f27000 	c:\Users\mafat\.vscode\extensions\redhat.java-1.13.0-win32-x64\jre\17.0.5-win32-x86_64\bin\jli.dll
0x00007ff838780000 - 0x00007ff83891d000 	C:\windows\System32\USER32.dll
0x00007ff838020000 - 0x00007ff838042000 	C:\windows\System32\win32u.dll
0x00007ff8385d0000 - 0x00007ff8385fb000 	C:\windows\System32\GDI32.dll
0x00007ff838050000 - 0x00007ff83815f000 	C:\windows\System32\gdi32full.dll
0x00007ff8382e0000 - 0x00007ff83837d000 	C:\windows\System32\msvcp_win.dll
0x00007ff8084d0000 - 0x00007ff8084e9000 	c:\Users\mafat\.vscode\extensions\redhat.java-1.13.0-win32-x64\jre\17.0.5-win32-x86_64\bin\VCRUNTIME140.dll
0x00007ff81b570000 - 0x00007ff81b80a000 	C:\windows\WinSxS\amd64_microsoft.windows.common-controls_6595b64144ccf1df_6.0.19041.1110_none_60b5254171f9507e\COMCTL32.dll
0x00007ff839150000 - 0x00007ff8391ee000 	C:\windows\System32\msvcrt.dll
0x00007ff838f60000 - 0x00007ff838f92000 	C:\windows\System32\IMM32.DLL
0x00007ff81eae0000 - 0x00007ff81eaec000 	c:\Users\mafat\.vscode\extensions\redhat.java-1.13.0-win32-x64\jre\17.0.5-win32-x86_64\bin\vcruntime140_1.dll
0x00007fffb0770000 - 0x00007fffb0801000 	c:\Users\mafat\.vscode\extensions\redhat.java-1.13.0-win32-x64\jre\17.0.5-win32-x86_64\bin\msvcp140.dll
0x00007fffac560000 - 0x00007fffad1a4000 	c:\Users\mafat\.vscode\extensions\redhat.java-1.13.0-win32-x64\jre\17.0.5-win32-x86_64\bin\server\jvm.dll
0x00007ff839a70000 - 0x00007ff839b1e000 	C:\windows\System32\ADVAPI32.dll
0x00007ff838380000 - 0x00007ff83841c000 	C:\windows\System32\sechost.dll
0x00007ff8391f0000 - 0x00007ff839315000 	C:\windows\System32\RPCRT4.dll
0x00007ff82f4c0000 - 0x00007ff82f4c9000 	C:\windows\SYSTEM32\WSOCK32.dll
0x00007ff8389a0000 - 0x00007ff838a0b000 	C:\windows\System32\WS2_32.dll
0x00007ff8165a0000 - 0x00007ff8165c7000 	C:\windows\SYSTEM32\WINMM.dll
0x00007ff82c5a0000 - 0x00007ff82c5aa000 	C:\windows\SYSTEM32\VERSION.dll
0x00007ff836280000 - 0x00007ff836292000 	C:\windows\SYSTEM32\kernel.appcore.dll
0x00007ff815b10000 - 0x00007ff815b1a000 	c:\Users\mafat\.vscode\extensions\redhat.java-1.13.0-win32-x64\jre\17.0.5-win32-x86_64\bin\jimage.dll
0x00007ff836060000 - 0x00007ff836244000 	C:\windows\SYSTEM32\DBGHELP.DLL
0x00007ff816220000 - 0x00007ff81624c000 	C:\windows\SYSTEM32\dbgcore.DLL
0x00007ff838160000 - 0x00007ff8381e2000 	C:\windows\System32\bcryptPrimitives.dll
0x00007ff815ae0000 - 0x00007ff815aee000 	c:\Users\mafat\.vscode\extensions\redhat.java-1.13.0-win32-x64\jre\17.0.5-win32-x86_64\bin\instrument.dll
0x00007ff805270000 - 0x00007ff805295000 	c:\Users\mafat\.vscode\extensions\redhat.java-1.13.0-win32-x64\jre\17.0.5-win32-x86_64\bin\java.dll
0x00007ff805ef0000 - 0x00007ff805f08000 	c:\Users\mafat\.vscode\extensions\redhat.java-1.13.0-win32-x64\jre\17.0.5-win32-x86_64\bin\zip.dll

dbghelp: loaded successfully - version: 4.0.5 - missing functions: none
symbol engine: initialized successfully - sym options: 0x614 - pdb path: .;c:\Users\mafat\.vscode\extensions\redhat.java-1.13.0-win32-x64\jre\17.0.5-win32-x86_64\bin;C:\windows\SYSTEM32;C:\windows\WinSxS\amd64_microsoft.windows.common-controls_6595b64144ccf1df_6.0.19041.1110_none_60b5254171f9507e;c:\Users\mafat\.vscode\extensions\redhat.java-1.13.0-win32-x64\jre\17.0.5-win32-x86_64\bin\server

VM Arguments:
jvm_args: --add-modules=ALL-SYSTEM --add-opens=java.base/java.util=ALL-UNNAMED --add-opens=java.base/java.lang=ALL-UNNAMED --add-opens=java.base/sun.nio.fs=ALL-UNNAMED -Declipse.application=org.eclipse.jdt.ls.core.id1 -Dosgi.bundles.defaultStartLevel=4 -Declipse.product=org.eclipse.jdt.ls.core.product -Djava.import.generatesMetadataFilesAtProjectRoot=false -Dfile.encoding=utf8 -XX:+UseParallelGC -XX:GCTimeRatio=4 -XX:AdaptiveSizePolicyWeight=90 -Dsun.zip.disableMemoryMapping=true -Xmx1G -Xms100m -Xlog:disable -javaagent:c:\Users\mafat\.vscode\extensions\redhat.java-1.13.0-win32-x64\lombok\lombok-1.18.24.jar -XX:+HeapDumpOnOutOfMemoryError -XX:HeapDumpPath=c:\Users\mafat\AppData\Roaming\Code\User\workspaceStorage\0e76ea2632a4499ddf5cfbc9fd5763ab\redhat.java 
java_command: c:\Users\mafat\.vscode\extensions\redhat.java-1.13.0-win32-x64\server\plugins\org.eclipse.equinox.launcher_1.6.400.v20210924-0641.jar -configuration c:\Users\mafat\AppData\Roaming\Code\User\globalStorage\redhat.java\1.13.0\config_win -data c:\Users\mafat\AppData\Roaming\Code\User\workspaceStorage\0e76ea2632a4499ddf5cfbc9fd5763ab\redhat.java\jdt_ws
java_class_path (initial): c:\Users\mafat\.vscode\extensions\redhat.java-1.13.0-win32-x64\server\plugins\org.eclipse.equinox.launcher_1.6.400.v20210924-0641.jar
Launcher Type: SUN_STANDARD

[Global flags]
    uintx AdaptiveSizePolicyWeight                 = 90                                        {product} {command line}
     intx CICompilerCount                          = 4                                         {product} {ergonomic}
    uintx GCTimeRatio                              = 4                                         {product} {command line}
     bool HeapDumpOnOutOfMemoryError               = true                                   {manageable} {command line}
    ccstr HeapDumpPath                             = c:\Users\mafat\AppData\Roaming\Code\User\workspaceStorage\0e76ea2632a4499ddf5cfbc9fd5763ab\redhat.java         {manageable} {command line}
   size_t InitialHeapSize                          = 104857600                                 {product} {command line}
   size_t MaxHeapSize                              = 1073741824                                {product} {command line}
   size_t MaxNewSize                               = 357564416                                 {product} {ergonomic}
   size_t MinHeapDeltaBytes                        = 524288                                    {product} {ergonomic}
   size_t MinHeapSize                              = 104857600                                 {product} {command line}
   size_t NewSize                                  = 34603008                                  {product} {ergonomic}
    uintx NonNMethodCodeHeapSize                   = 5839372                                {pd product} {ergonomic}
    uintx NonProfiledCodeHeapSize                  = 122909434                              {pd product} {ergonomic}
   size_t OldSize                                  = 70254592                                  {product} {ergonomic}
    uintx ProfiledCodeHeapSize                     = 122909434                              {pd product} {ergonomic}
    uintx ReservedCodeCacheSize                    = 251658240                              {pd product} {ergonomic}
     bool SegmentedCodeCache                       = true                                      {product} {ergonomic}
   size_t SoftMaxHeapSize                          = 1073741824                             {manageable} {ergonomic}
     bool UseCompressedClassPointers               = true                           {product lp64_product} {ergonomic}
     bool UseCompressedOops                        = true                           {product lp64_product} {ergonomic}
     bool UseLargePagesIndividualAllocation        = false                                  {pd product} {ergonomic}
     bool UseParallelGC                            = true                                      {product} {command line}

Logging:
Log output configuration:
 #0: stdout all=off uptime,level,tags
 #1: stderr all=off uptime,level,tags

Environment Variables:
PATH=C:\Users\mafat\AppData\Local\Programs\Python\Python310\Scripts\;C:\Users\mafat\AppData\Local\Programs\Python\Python310\;C:\Program Files\Common Files\Oracle\Java\javapath;C:\Program Files (x86)\Common Files\Oracle\Java\javapath;C:\windows\system32;C:\windows;C:\windows\System32\Wbem;C:\windows\System32\WindowsPowerShell\v1.0\;C:\windows\System32\OpenSSH\;C:\Program Files\Git\cmd;C:\Program Files\nodejs\;C:\ProgramData\chocolatey\bin;C:\Users\mafat\AppData\Local\Microsoft\WindowsApps;C:\Users\mafat\AppData\Local\Programs\Microsoft VS Code\bin;C:\Users\mafat\AppData\Local\GitHubDesktop\bin;C:\Users\mafat\AppData\Roaming\npm;C:\Users\mafat\AppData\Local\atom\bin
USERNAME=mafat
OS=Windows_NT
PROCESSOR_IDENTIFIER=Intel64 Family 6 Model 140 Stepping 1, GenuineIntel
TMP=C:\Users\mafat\AppData\Local\Temp
TEMP=C:\Users\mafat\AppData\Local\Temp



---------------  S Y S T E M  ---------------

OS:
 Windows 10 , 64 bit Build 19041 (10.0.19041.2251)
OS uptime: 0 days 6:16 hours

CPU: total 8 (initial active 8) (4 cores per cpu, 2 threads per core) family 6 model 140 stepping 1 microcode 0xa4, cx8, cmov, fxsr, ht, mmx, 3dnowpref, sse, sse2, sse3, ssse3, sse4.1, sse4.2, popcnt, lzcnt, tsc, tscinvbit, avx, avx2, aes, erms, clmul, bmi1, bmi2, adx, avx512f, avx512dq, avx512cd, avx512bw, avx512vl, sha, fma, vzeroupper, avx512_vpopcntdq, avx512_vpclmulqdq, avx512_vaes, avx512_vnni, clflush, clflushopt, clwb, avx512_vbmi2, avx512_vbmi

Memory: 4k page, system-wide physical 16064M (2735M free)
TotalPageFile size 65216M (AvailPageFile size 4M)
current process WorkingSet (physical memory assigned to process): 14M, peak: 14M
current process commit charge ("private bytes"): 147M, peak: 148M

vm_info: OpenJDK 64-Bit Server VM (17.0.5+8) for windows-amd64 JRE (17.0.5+8), built on Oct 19 2022 04:48:13 by "temurin" with MS VC++ 16.7 (VS2019)

END.
