#
# There is insufficient memory for the Java Runtime Environment to continue.
# Native memory allocation (malloc) failed to allocate 32744 bytes for ChunkPool::allocate
# Possible reasons:
#   The system is out of physical RAM or swap space
#   The process is running with CompressedOops enabled, and the Java Heap may be blocking the growth of the native heap
# Possible solutions:
#   Reduce memory load on the system
#   Increase physical memory or swap space
#   Check if swap backing store is full
#   Decrease Java heap size (-Xmx/-Xms)
#   Decrease number of Java threads
#   Decrease Java thread stack sizes (-Xss)
#   Set larger code cache with -XX:ReservedCodeCacheSize=
#   JVM is running with Unscaled Compressed Oops mode in which the Java heap is
#     placed in the first 4GB address space. The Java Heap base address is the
#     maximum limit for the native heap growth. Please use -XX:HeapBaseMinAddress
#     to set the Java Heap base and to place the Java Heap above 4GB virtual address.
# This output file may be truncated or incomplete.
#
#  Out of Memory Error (arena.cpp:78), pid=7164, tid=2792
#
# JRE version: OpenJDK Runtime Environment Temurin-17.0.4.1+1 (17.0.4.1+1) (build 17.0.4.1+1)
# Java VM: OpenJDK 64-Bit Server VM Temurin-17.0.4.1+1 (17.0.4.1+1, mixed mode, tiered, compressed oops, compressed class ptrs, parallel gc, windows-amd64)
# No core dump will be written. Minidumps are not enabled by default on client versions of Windows
#

---------------  S U M M A R Y ------------

Command Line: --add-modules=ALL-SYSTEM --add-opens=java.base/java.util=ALL-UNNAMED --add-opens=java.base/java.lang=ALL-UNNAMED --add-opens=java.base/sun.nio.fs=ALL-UNNAMED -Declipse.application=org.eclipse.jdt.ls.core.id1 -Dosgi.bundles.defaultStartLevel=4 -Declipse.product=org.eclipse.jdt.ls.core.product -Djava.import.generatesMetadataFilesAtProjectRoot=false -Dfile.encoding=utf8 -XX:+UseParallelGC -XX:GCTimeRatio=4 -XX:AdaptiveSizePolicyWeight=90 -Dsun.zip.disableMemoryMapping=true -Xmx1G -Xms100m -Xlog:disable -javaagent:c:\Users\mafat\.vscode\extensions\redhat.java-1.12.0-win32-x64\lombok\lombok-1.18.24.jar -XX:+HeapDumpOnOutOfMemoryError -XX:HeapDumpPath=c:\Users\mafat\AppData\Roaming\Code\User\workspaceStorage\0e76ea2632a4499ddf5cfbc9fd5763ab\redhat.java c:\Users\mafat\.vscode\extensions\redhat.java-1.12.0-win32-x64\server\plugins\org.eclipse.equinox.launcher_1.6.400.v20210924-0641.jar -configuration c:\Users\mafat\AppData\Roaming\Code\User\globalStorage\redhat.java\1.12.0\config_win -data c:\Users\mafat\AppData\Roaming\Code\User\workspaceStorage\0e76ea2632a4499ddf5cfbc9fd5763ab\redhat.java\jdt_ws

Host: 11th Gen Intel(R) Core(TM) i5-1135G7 @ 2.40GHz, 8 cores, 15G,  Windows 10 , 64 bit Build 19041 (10.0.19041.2251)
Time: Thu Nov 24 12:50:53 2022 South Africa Standard Time elapsed time: 0.822165 seconds (0d 0h 0m 0s)

---------------  T H R E A D  ---------------

Current thread (0x0000019677ffa0e0):  JavaThread "C1 CompilerThread0" daemon [_thread_in_native, id=2792, stack(0x0000008a1ca00000,0x0000008a1cb00000)]


Current CompileTask:
C1:    822  529       3       sun.security.provider.ByteArrayAccess::b2iBig64 (231 bytes)

Stack: [0x0000008a1ca00000,0x0000008a1cb00000]
Native frames: (J=compiled Java code, j=interpreted, Vv=VM code, C=native code)
V  [jvm.dll+0x67731a]
V  [jvm.dll+0x832284]
V  [jvm.dll+0x833a2e]
V  [jvm.dll+0x834093]
V  [jvm.dll+0x245775]
V  [jvm.dll+0xabfc0]
V  [jvm.dll+0xac30c]
V  [jvm.dll+0x141f64]
V  [jvm.dll+0x137fdd]
V  [jvm.dll+0x143a08]
V  [jvm.dll+0x146c69]
V  [jvm.dll+0x146685]
V  [jvm.dll+0x13df0e]
V  [jvm.dll+0x1404c5]
V  [jvm.dll+0x13e6ac]
V  [jvm.dll+0x14715d]
V  [jvm.dll+0x146685]
V  [jvm.dll+0x13df0e]
V  [jvm.dll+0x1404c5]
V  [jvm.dll+0x13e7a4]
V  [jvm.dll+0x13873f]
V  [jvm.dll+0x148256]
V  [jvm.dll+0x133e50]
V  [jvm.dll+0x1341b0]
V  [jvm.dll+0x134476]
V  [jvm.dll+0x13390a]
V  [jvm.dll+0x1355d1]
V  [jvm.dll+0x227498]
V  [jvm.dll+0x2255e5]
V  [jvm.dll+0x7e7e9b]
V  [jvm.dll+0x7e240a]
V  [jvm.dll+0x6761a5]
C  [ucrtbase.dll+0x21bb2]
C  [KERNEL32.DLL+0x174b4]
C  [ntdll.dll+0x526a1]


---------------  P R O C E S S  ---------------

Threads class SMR info:
_java_thread_list=0x00000196782d73f0, length=12, elements={
0x0000019661b3e2a0, 0x0000019677fc5750, 0x0000019677fc7590, 0x00000196759dbe00,
0x00000196759dc9b0, 0x00000196759dd360, 0x00000196759ddd10, 0x0000019677ff9040,
0x0000019677ffa0e0, 0x00000196780492d0, 0x0000019661bfcbc0, 0x00000196782cf320
}

Java Threads: ( => current thread )
  0x0000019661b3e2a0 JavaThread "main" [_thread_in_vm, id=22064, stack(0x0000008a1bf00000,0x0000008a1c000000)]
  0x0000019677fc5750 JavaThread "Reference Handler" daemon [_thread_blocked, id=9704, stack(0x0000008a1c300000,0x0000008a1c400000)]
  0x0000019677fc7590 JavaThread "Finalizer" daemon [_thread_blocked, id=10928, stack(0x0000008a1c400000,0x0000008a1c500000)]
  0x00000196759dbe00 JavaThread "Signal Dispatcher" daemon [_thread_blocked, id=11756, stack(0x0000008a1c500000,0x0000008a1c600000)]
  0x00000196759dc9b0 JavaThread "Attach Listener" daemon [_thread_blocked, id=25328, stack(0x0000008a1c600000,0x0000008a1c700000)]
  0x00000196759dd360 JavaThread "Service Thread" daemon [_thread_blocked, id=1084, stack(0x0000008a1c700000,0x0000008a1c800000)]
  0x00000196759ddd10 JavaThread "Monitor Deflation Thread" daemon [_thread_blocked, id=14044, stack(0x0000008a1c800000,0x0000008a1c900000)]
  0x0000019677ff9040 JavaThread "C2 CompilerThread0" daemon [_thread_in_native, id=21160, stack(0x0000008a1c900000,0x0000008a1ca00000)]
=>0x0000019677ffa0e0 JavaThread "C1 CompilerThread0" daemon [_thread_in_native, id=2792, stack(0x0000008a1ca00000,0x0000008a1cb00000)]
  0x00000196780492d0 JavaThread "Sweeper thread" daemon [_thread_blocked, id=13696, stack(0x0000008a1cb00000,0x0000008a1cc00000)]
  0x0000019661bfcbc0 JavaThread "Common-Cleaner" daemon [_thread_blocked, id=1492, stack(0x0000008a1cc00000,0x0000008a1cd00000)]
  0x00000196782cf320 JavaThread "Notification Thread" daemon [_thread_blocked, id=18444, stack(0x0000008a1cd00000,0x0000008a1ce00000)]

Other Threads:
  0x00000196759ca2b0 VMThread "VM Thread" [stack: 0x0000008a1c200000,0x0000008a1c300000] [id=25660]
  0x000001967828a310 WatcherThread [stack: 0x0000008a1ce00000,0x0000008a1cf00000] [id=26128]
  0x0000019661b54410 GCTaskThread "GC Thread#0" [stack: 0x0000008a1c100000,0x0000008a1c200000] [id=24296]

Threads with active compile tasks:
C2 CompilerThread0      843  536       4       java.lang.invoke.VarForm::getMemberName (31 bytes)
C1 CompilerThread0      843  529       3       sun.security.provider.ByteArrayAccess::b2iBig64 (231 bytes)

VM state: not at safepoint (normal execution)

VM Mutex/Monitor currently owned by a thread: None

Heap address: 0x00000000c0000000, size: 1024 MB, Compressed Oops mode: 32-bit

CDS archive(s) not mapped
Compressed class space mapped at: 0x0000000100000000-0x0000000140000000, reserved size: 1073741824
Narrow klass base: 0x0000000000000000, Narrow klass shift: 3, Narrow klass range: 0x140000000

GC Precious Log:
 CPUs: 8 total, 8 available
 Memory: 16064M
 Large Page Support: Disabled
 NUMA Support: Disabled
 Compressed Oops: Enabled (32-bit)
 Alignments: Space 512K, Generation 512K, Heap 2M
 Heap Min Capacity: 100M
 Heap Initial Capacity: 100M
 Heap Max Capacity: 1G
 Pre-touch: Disabled
 Parallel Workers: 8

Heap:
 PSYoungGen      total 29696K, used 13004K [0x00000000eab00000, 0x00000000ecc00000, 0x0000000100000000)
  eden space 25600K, 50% used [0x00000000eab00000,0x00000000eb7b31d8,0x00000000ec400000)
  from space 4096K, 0% used [0x00000000ec800000,0x00000000ec800000,0x00000000ecc00000)
  to   space 4096K, 0% used [0x00000000ec400000,0x00000000ec400000,0x00000000ec800000)
 ParOldGen       total 68608K, used 0K [0x00000000c0000000, 0x00000000c4300000, 0x00000000eab00000)
  object space 68608K, 0% used [0x00000000c0000000,0x00000000c0000000,0x00000000c4300000)
 Metaspace       used 8611K, committed 8768K, reserved 1064960K
  class space    used 864K, committed 960K, reserved 1048576K

Card table byte_map: [0x0000019661500000,0x0000019661710000] _byte_map_base: 0x0000019660f00000

Marking Bits: (ParMarkBitMap*) 0x00007fffb6df2cc0
 Begin Bits: [0x00000196737e0000, 0x00000196747e0000)
 End Bits:   [0x00000196747e0000, 0x00000196757e0000)

Polling page: 0x000001965fa00000

Metaspace:

Usage:
  Non-class:      7.57 MB used.
      Class:    864.44 KB used.
       Both:      8.41 MB used.

Virtual space:
  Non-class space:       16.00 MB reserved,       7.69 MB ( 48%) committed,  2 nodes.
      Class space:        1.00 GB reserved,     960.00 KB ( <1%) committed,  1 nodes.
             Both:        1.02 GB reserved,       8.62 MB ( <1%) committed. 

Chunk freelists:
   Non-Class:  3.92 MB
       Class:  3.09 MB
        Both:  7.01 MB

MaxMetaspaceSize: unlimited
CompressedClassSpaceSize: 1.00 GB
Initial GC threshold: 21.00 MB
Current GC threshold: 21.00 MB
CDS: off
MetaspaceReclaimPolicy: balanced
 - commit_granule_bytes: 65536.
 - commit_granule_words: 8192.
 - virtual_space_node_default_size: 1048576.
 - enlarge_chunks_in_place: 1.
 - new_chunks_are_fully_committed: 0.
 - uncommit_free_chunks: 1.
 - use_allocation_guard: 0.
 - handle_deallocations: 1.


Internal statistics:

num_allocs_failed_limit: 0.
num_arena_births: 10.
num_arena_deaths: 0.
num_vsnodes_births: 3.
num_vsnodes_deaths: 0.
num_space_committed: 138.
num_space_uncommitted: 0.
num_chunks_returned_to_freelist: 0.
num_chunks_taken_from_freelist: 44.
num_chunk_merges: 0.
num_chunk_splits: 24.
num_chunks_enlarged: 19.
num_purges: 0.
num_inconsistent_stats: 0.

CodeHeap 'non-profiled nmethods': size=120000Kb used=167Kb max_used=167Kb free=119832Kb
 bounds [0x000001966c2b0000, 0x000001966c520000, 0x00000196737e0000]
CodeHeap 'profiled nmethods': size=120000Kb used=725Kb max_used=725Kb free=119274Kb
 bounds [0x0000019664d80000, 0x0000019664ff0000, 0x000001966c2b0000]
CodeHeap 'non-nmethods': size=5760Kb used=1139Kb max_used=1156Kb free=4621Kb
 bounds [0x00000196647e0000, 0x0000019664a50000, 0x0000019664d80000]
 total_blobs=936 nmethods=522 adapters=329
 compilation: enabled
              stopped_count=0, restarted_count=0
 full_count=0

Compilation events (20 events):
Event: 0.811 Thread 0x0000019677ffa0e0 nmethod 517 0x000001966c2d7610 code [0x000001966c2d77a0, 0x000001966c2d7878]
Event: 0.814 Thread 0x0000019677ffa0e0  519  s    3       java.util.Properties::put (10 bytes)
Event: 0.815 Thread 0x0000019677ffa0e0 nmethod 519 0x0000019664e32890 code [0x0000019664e32a40, 0x0000019664e32ca8]
Event: 0.815 Thread 0x0000019677ffa0e0  520       3       java.util.Arrays::copyOf (40 bytes)
Event: 0.815 Thread 0x0000019677ffa0e0 nmethod 520 0x0000019664e32d90 code [0x0000019664e32f80, 0x0000019664e33628]
Event: 0.815 Thread 0x0000019677ffa0e0  521       3       java.util.HashMap$EntryIterator::next (5 bytes)
Event: 0.815 Thread 0x0000019677ffa0e0 nmethod 521 0x0000019664e33810 code [0x0000019664e339c0, 0x0000019664e33b48]
Event: 0.815 Thread 0x0000019677ffa0e0  522       3       java.util.HashMap$EntryIterator::next (5 bytes)
Event: 0.815 Thread 0x0000019677ffa0e0 nmethod 522 0x0000019664e33c10 code [0x0000019664e33da0, 0x0000019664e33ee8]
Event: 0.815 Thread 0x0000019677ffa0e0  523       3       java.lang.String::valueOf (15 bytes)
Event: 0.816 Thread 0x0000019677ffa0e0 nmethod 523 0x0000019664e33f90 code [0x0000019664e34140, 0x0000019664e34348]
Event: 0.816 Thread 0x0000019677ffa0e0  525       3       java.security.Provider$ServiceKey::hashCode (19 bytes)
Event: 0.816 Thread 0x0000019677ffa0e0 nmethod 525 0x0000019664e34410 code [0x0000019664e345c0, 0x0000019664e34758]
Event: 0.816 Thread 0x0000019677ffa0e0  526       1       java.security.Provider$UString::toString (5 bytes)
Event: 0.816 Thread 0x0000019677ffa0e0 nmethod 526 0x000001966c2d7d10 code [0x000001966c2d7ea0, 0x000001966c2d7f78]
Event: 0.816 Thread 0x0000019677ffa0e0  527       1       java.security.Provider$Service::getProvider (5 bytes)
Event: 0.816 Thread 0x0000019677ffa0e0 nmethod 527 0x000001966c2d8010 code [0x000001966c2d81a0, 0x000001966c2d8278]
Event: 0.817 Thread 0x0000019677ffa0e0  528       3       sun.security.provider.SHA2::implCompress0 (490 bytes)
Event: 0.817 Thread 0x0000019677ffa0e0 nmethod 528 0x0000019664e34890 code [0x0000019664e34a80, 0x0000019664e352e8]
Event: 0.818 Thread 0x0000019677ffa0e0  529       3       sun.security.provider.ByteArrayAccess::b2iBig64 (231 bytes)

GC Heap History (0 events):
No events

Deoptimization events (20 events):
Event: 0.715 Thread 0x0000019661b3e2a0 Uncommon trap: trap_request=0xffffff45 fr.pc=0x000001966c2c3e40 relative=0x00000000000000c0
Event: 0.715 Thread 0x0000019661b3e2a0 Uncommon trap: reason=unstable_if action=reinterpret pc=0x000001966c2c3e40 method=java.net.URI.match(CJJ)Z @ 45 c2
Event: 0.715 Thread 0x0000019661b3e2a0 DEOPT PACKING pc=0x000001966c2c3e40 sp=0x0000008a1bffc5e0
Event: 0.715 Thread 0x0000019661b3e2a0 DEOPT UNPACKING pc=0x0000019664835923 sp=0x0000008a1bffc568 mode 2
Event: 0.724 Thread 0x0000019661b3e2a0 Uncommon trap: trap_request=0xffffff45 fr.pc=0x000001966c2d2588 relative=0x0000000000000628
Event: 0.724 Thread 0x0000019661b3e2a0 Uncommon trap: reason=unstable_if action=reinterpret pc=0x000001966c2d2588 method=java.lang.String.replace(Ljava/lang/CharSequence;Ljava/lang/CharSequence;)Ljava/lang/String; @ 48 c2
Event: 0.724 Thread 0x0000019661b3e2a0 DEOPT PACKING pc=0x000001966c2d2588 sp=0x0000008a1bffc560
Event: 0.724 Thread 0x0000019661b3e2a0 DEOPT UNPACKING pc=0x0000019664835923 sp=0x0000008a1bffc4e0 mode 2
Event: 0.804 Thread 0x0000019661b3e2a0 Uncommon trap: trap_request=0xffffffde fr.pc=0x000001966c2be764 relative=0x00000000000006e4
Event: 0.804 Thread 0x0000019661b3e2a0 Uncommon trap: reason=class_check action=maybe_recompile pc=0x000001966c2be764 method=java.util.HashMap.putVal(ILjava/lang/Object;Ljava/lang/Object;ZZ)Ljava/lang/Object; @ 91 c2
Event: 0.804 Thread 0x0000019661b3e2a0 DEOPT PACKING pc=0x000001966c2be764 sp=0x0000008a1bffd9a0
Event: 0.804 Thread 0x0000019661b3e2a0 DEOPT UNPACKING pc=0x0000019664835923 sp=0x0000008a1bffd940 mode 2
Event: 0.804 Thread 0x0000019661b3e2a0 Uncommon trap: trap_request=0xffffffde fr.pc=0x000001966c2be764 relative=0x00000000000006e4
Event: 0.804 Thread 0x0000019661b3e2a0 Uncommon trap: reason=class_check action=maybe_recompile pc=0x000001966c2be764 method=java.util.HashMap.putVal(ILjava/lang/Object;Ljava/lang/Object;ZZ)Ljava/lang/Object; @ 91 c2
Event: 0.804 Thread 0x0000019661b3e2a0 DEOPT PACKING pc=0x000001966c2be764 sp=0x0000008a1bffdac0
Event: 0.804 Thread 0x0000019661b3e2a0 DEOPT UNPACKING pc=0x0000019664835923 sp=0x0000008a1bffda30 mode 2
Event: 0.804 Thread 0x0000019661b3e2a0 Uncommon trap: trap_request=0xffffffde fr.pc=0x000001966c2be764 relative=0x00000000000006e4
Event: 0.804 Thread 0x0000019661b3e2a0 Uncommon trap: reason=class_check action=maybe_recompile pc=0x000001966c2be764 method=java.util.HashMap.putVal(ILjava/lang/Object;Ljava/lang/Object;ZZ)Ljava/lang/Object; @ 91 c2
Event: 0.804 Thread 0x0000019661b3e2a0 DEOPT PACKING pc=0x000001966c2be764 sp=0x0000008a1bffdac0
Event: 0.804 Thread 0x0000019661b3e2a0 DEOPT UNPACKING pc=0x0000019664835923 sp=0x0000008a1bffda30 mode 2

Classes unloaded (0 events):
No events

Classes redefined (0 events):
No events

Internal exceptions (2 events):
Event: 0.279 Thread 0x0000019661b3e2a0 Exception <a 'java/lang/NoSuchMethodError'{0x00000000eacb24e8}: 'void java.lang.invoke.DirectMethodHandle$Holder.invokeStatic(java.lang.Object, java.lang.Object, java.lang.Object)'> (0x00000000eacb24e8) 
thrown [s\src\hotspot\share\interpreter\linkResolver.cpp, line 759]
Event: 0.530 Thread 0x0000019661b3e2a0 Exception <a 'java/lang/reflect/InvocationTargetException'{0x00000000eaf781f0}> (0x00000000eaf781f0) 
thrown [s\src\hotspot\share\runtime\reflection.cpp, line 1121]

VM Operations (2 events):
Event: 0.293 Executing VM operation: HandshakeAllThreads
Event: 0.293 Executing VM operation: HandshakeAllThreads done

Events (20 events):
Event: 0.810 loading class sun/security/util/KeyUtil
Event: 0.810 loading class sun/security/util/KeyUtil done
Event: 0.810 loading class sun/security/util/Length
Event: 0.810 loading class sun/security/util/Length done
Event: 0.810 loading class javax/crypto/SecretKey
Event: 0.811 loading class javax/crypto/SecretKey done
Event: 0.811 loading class java/util/LinkedHashMap$LinkedEntrySet
Event: 0.811 loading class java/util/LinkedHashMap$LinkedEntrySet done
Event: 0.811 loading class java/util/LinkedHashMap$LinkedEntryIterator
Event: 0.811 loading class java/util/LinkedHashMap$LinkedEntryIterator done
Event: 0.813 loading class java/util/Base64
Event: 0.813 loading class java/util/Base64 done
Event: 0.813 loading class java/util/Base64$Decoder
Event: 0.813 loading class java/util/Base64$Decoder done
Event: 0.813 loading class java/util/Base64$Encoder
Event: 0.813 loading class java/util/Base64$Encoder done
Event: 0.814 loading class java/util/jar/JarVerifier$VerifierStream
Event: 0.814 loading class java/util/jar/JarVerifier$VerifierStream done
Event: 0.814 loading class sun/security/util/ManifestEntryVerifier$SunProviderHolder
Event: 0.814 loading class sun/security/util/ManifestEntryVerifier$SunProviderHolder done


Dynamic libraries:
0x00007ff697a10000 - 0x00007ff697a1e000 	c:\Users\mafat\.vscode\extensions\redhat.java-1.12.0-win32-x64\jre\17.0.4.1-win32-x86_64\bin\java.exe
0x00007ff803030000 - 0x00007ff803228000 	C:\windows\SYSTEM32\ntdll.dll
0x00007ff801970000 - 0x00007ff801a2f000 	C:\windows\System32\KERNEL32.DLL
0x00007ff800840000 - 0x00007ff800b12000 	C:\windows\System32\KERNELBASE.dll
0x00007ff800f80000 - 0x00007ff801080000 	C:\windows\System32\ucrtbase.dll
0x00007ffff47c0000 - 0x00007ffff47d8000 	c:\Users\mafat\.vscode\extensions\redhat.java-1.12.0-win32-x64\jre\17.0.4.1-win32-x86_64\bin\jli.dll
0x00007ff801240000 - 0x00007ff8013dd000 	C:\windows\System32\USER32.dll
0x00007ff800e40000 - 0x00007ff800e62000 	C:\windows\System32\win32u.dll
0x00007ff802180000 - 0x00007ff8021ab000 	C:\windows\System32\GDI32.dll
0x00007ff800e70000 - 0x00007ff800f7f000 	C:\windows\System32\gdi32full.dll
0x00007ff800bd0000 - 0x00007ff800c6d000 	C:\windows\System32\msvcp_win.dll
0x00007fffeed10000 - 0x00007fffeed29000 	c:\Users\mafat\.vscode\extensions\redhat.java-1.12.0-win32-x64\jre\17.0.4.1-win32-x86_64\bin\VCRUNTIME140.dll
0x00007fffe3de0000 - 0x00007fffe407a000 	C:\windows\WinSxS\amd64_microsoft.windows.common-controls_6595b64144ccf1df_6.0.19041.1110_none_60b5254171f9507e\COMCTL32.dll
0x00007ff8011a0000 - 0x00007ff80123e000 	C:\windows\System32\msvcrt.dll
0x00007ff801080000 - 0x00007ff8010b2000 	C:\windows\System32\IMM32.DLL
0x00007ffff53e0000 - 0x00007ffff53ec000 	c:\Users\mafat\.vscode\extensions\redhat.java-1.12.0-win32-x64\jre\17.0.4.1-win32-x86_64\bin\vcruntime140_1.dll
0x00007fffbc180000 - 0x00007fffbc211000 	c:\Users\mafat\.vscode\extensions\redhat.java-1.12.0-win32-x64\jre\17.0.4.1-win32-x86_64\bin\msvcp140.dll
0x00007fffb6270000 - 0x00007fffb6eb6000 	c:\Users\mafat\.vscode\extensions\redhat.java-1.12.0-win32-x64\jre\17.0.4.1-win32-x86_64\bin\server\jvm.dll
0x00007ff802210000 - 0x00007ff8022be000 	C:\windows\System32\ADVAPI32.dll
0x00007ff801740000 - 0x00007ff8017dc000 	C:\windows\System32\sechost.dll
0x00007ff801e30000 - 0x00007ff801f55000 	C:\windows\System32\RPCRT4.dll
0x00007ff801d70000 - 0x00007ff801d78000 	C:\windows\System32\PSAPI.DLL
0x00007ffff75c0000 - 0x00007ffff75c9000 	C:\windows\SYSTEM32\WSOCK32.dll
0x00007ff801c50000 - 0x00007ff801cbb000 	C:\windows\System32\WS2_32.dll
0x00007fffdf470000 - 0x00007fffdf497000 	C:\windows\SYSTEM32\WINMM.dll
0x00007ffff47e0000 - 0x00007ffff47ea000 	C:\windows\SYSTEM32\VERSION.dll
0x00007ffffefb0000 - 0x00007ffffefc2000 	C:\windows\SYSTEM32\kernel.appcore.dll
0x00007fffeec60000 - 0x00007fffeec6a000 	c:\Users\mafat\.vscode\extensions\redhat.java-1.12.0-win32-x64\jre\17.0.4.1-win32-x86_64\bin\jimage.dll
0x00007ffffed50000 - 0x00007ffffef34000 	C:\windows\SYSTEM32\DBGHELP.DLL
0x00007fffdf3f0000 - 0x00007fffdf41c000 	C:\windows\SYSTEM32\dbgcore.DLL
0x00007ff800730000 - 0x00007ff8007b2000 	C:\windows\System32\bcryptPrimitives.dll
0x00007fffeec50000 - 0x00007fffeec5e000 	c:\Users\mafat\.vscode\extensions\redhat.java-1.12.0-win32-x64\jre\17.0.4.1-win32-x86_64\bin\instrument.dll
0x00007fffe3c80000 - 0x00007fffe3ca5000 	c:\Users\mafat\.vscode\extensions\redhat.java-1.12.0-win32-x64\jre\17.0.4.1-win32-x86_64\bin\java.dll
0x00007fffed8e0000 - 0x00007fffed8f8000 	c:\Users\mafat\.vscode\extensions\redhat.java-1.12.0-win32-x64\jre\17.0.4.1-win32-x86_64\bin\zip.dll
0x00007ff8023a0000 - 0x00007ff802ae3000 	C:\windows\System32\SHELL32.dll
0x00007ffffe4f0000 - 0x00007ffffec82000 	C:\windows\SYSTEM32\windows.storage.dll
0x00007ff8013e0000 - 0x00007ff801734000 	C:\windows\System32\combase.dll
0x00007ff800190000 - 0x00007ff8001c0000 	C:\windows\SYSTEM32\Wldp.dll
0x00007ff801cc0000 - 0x00007ff801d6d000 	C:\windows\System32\SHCORE.dll
0x00007ff801be0000 - 0x00007ff801c35000 	C:\windows\System32\shlwapi.dll
0x00007ff800670000 - 0x00007ff80068f000 	C:\windows\SYSTEM32\profapi.dll
0x00007fffed7f0000 - 0x00007fffed809000 	C:\Users\mafat\.vscode\extensions\redhat.java-1.12.0-win32-x64\jre\17.0.4.1-win32-x86_64\bin\net.dll
0x00007ffffa0c0000 - 0x00007ffffa1cc000 	C:\windows\SYSTEM32\WINHTTP.dll
0x00007ff800010000 - 0x00007ff80007a000 	C:\windows\system32\mswsock.dll
0x00007fffeeb90000 - 0x00007fffeeba5000 	C:\Users\mafat\.vscode\extensions\redhat.java-1.12.0-win32-x64\jre\17.0.4.1-win32-x86_64\bin\nio.dll
0x00007fffeeb80000 - 0x00007fffeeb90000 	c:\Users\mafat\.vscode\extensions\redhat.java-1.12.0-win32-x64\jre\17.0.4.1-win32-x86_64\bin\verify.dll

dbghelp: loaded successfully - version: 4.0.5 - missing functions: none
symbol engine: initialized successfully - sym options: 0x614 - pdb path: .;c:\Users\mafat\.vscode\extensions\redhat.java-1.12.0-win32-x64\jre\17.0.4.1-win32-x86_64\bin;C:\windows\SYSTEM32;C:\windows\WinSxS\amd64_microsoft.windows.common-controls_6595b64144ccf1df_6.0.19041.1110_none_60b5254171f9507e;c:\Users\mafat\.vscode\extensions\redhat.java-1.12.0-win32-x64\jre\17.0.4.1-win32-x86_64\bin\server

VM Arguments:
jvm_args: --add-modules=ALL-SYSTEM --add-opens=java.base/java.util=ALL-UNNAMED --add-opens=java.base/java.lang=ALL-UNNAMED --add-opens=java.base/sun.nio.fs=ALL-UNNAMED -Declipse.application=org.eclipse.jdt.ls.core.id1 -Dosgi.bundles.defaultStartLevel=4 -Declipse.product=org.eclipse.jdt.ls.core.product -Djava.import.generatesMetadataFilesAtProjectRoot=false -Dfile.encoding=utf8 -XX:+UseParallelGC -XX:GCTimeRatio=4 -XX:AdaptiveSizePolicyWeight=90 -Dsun.zip.disableMemoryMapping=true -Xmx1G -Xms100m -Xlog:disable -javaagent:c:\Users\mafat\.vscode\extensions\redhat.java-1.12.0-win32-x64\lombok\lombok-1.18.24.jar -XX:+HeapDumpOnOutOfMemoryError -XX:HeapDumpPath=c:\Users\mafat\AppData\Roaming\Code\User\workspaceStorage\0e76ea2632a4499ddf5cfbc9fd5763ab\redhat.java 
java_command: c:\Users\mafat\.vscode\extensions\redhat.java-1.12.0-win32-x64\server\plugins\org.eclipse.equinox.launcher_1.6.400.v20210924-0641.jar -configuration c:\Users\mafat\AppData\Roaming\Code\User\globalStorage\redhat.java\1.12.0\config_win -data c:\Users\mafat\AppData\Roaming\Code\User\workspaceStorage\0e76ea2632a4499ddf5cfbc9fd5763ab\redhat.java\jdt_ws
java_class_path (initial): c:\Users\mafat\.vscode\extensions\redhat.java-1.12.0-win32-x64\server\plugins\org.eclipse.equinox.launcher_1.6.400.v20210924-0641.jar
Launcher Type: SUN_STANDARD

[Global flags]
    uintx AdaptiveSizePolicyWeight                 = 90                                        {product} {command line}
     intx CICompilerCount                          = 4                                         {product} {ergonomic}
    uintx GCTimeRatio                              = 4                                         {product} {command line}
     bool HeapDumpOnOutOfMemoryError               = true                                   {manageable} {command line}
    ccstr HeapDumpPath                             = c:\Users\mafat\AppData\Roaming\Code\User\workspaceStorage\0e76ea2632a4499ddf5cfbc9fd5763ab\redhat.java         {manageable} {command line}
   size_t InitialHeapSize                          = 104857600                                 {product} {command line}
   size_t MaxHeapSize                              = 1073741824                                {product} {command line}
   size_t MaxNewSize                               = 357564416                                 {product} {ergonomic}
   size_t MinHeapDeltaBytes                        = 524288                                    {product} {ergonomic}
   size_t MinHeapSize                              = 104857600                                 {product} {command line}
   size_t NewSize                                  = 34603008                                  {product} {ergonomic}
    uintx NonNMethodCodeHeapSize                   = 5839372                                {pd product} {ergonomic}
    uintx NonProfiledCodeHeapSize                  = 122909434                              {pd product} {ergonomic}
   size_t OldSize                                  = 70254592                                  {product} {ergonomic}
    uintx ProfiledCodeHeapSize                     = 122909434                              {pd product} {ergonomic}
    uintx ReservedCodeCacheSize                    = 251658240                              {pd product} {ergonomic}
     bool SegmentedCodeCache                       = true                                      {product} {ergonomic}
   size_t SoftMaxHeapSize                          = 1073741824                             {manageable} {ergonomic}
     bool UseCompressedClassPointers               = true                           {product lp64_product} {ergonomic}
     bool UseCompressedOops                        = true                           {product lp64_product} {ergonomic}
     bool UseLargePagesIndividualAllocation        = false                                  {pd product} {ergonomic}
     bool UseParallelGC                            = true                                      {product} {command line}

Logging:
Log output configuration:
 #0: stdout all=off uptime,level,tags
 #1: stderr all=off uptime,level,tags

Environment Variables:
PATH=C:\Users\mafat\AppData\Local\Programs\Python\Python310\Scripts\;C:\Users\mafat\AppData\Local\Programs\Python\Python310\;C:\Program Files\Common Files\Oracle\Java\javapath;C:\Program Files (x86)\Common Files\Oracle\Java\javapath;C:\windows\system32;C:\windows;C:\windows\System32\Wbem;C:\windows\System32\WindowsPowerShell\v1.0\;C:\windows\System32\OpenSSH\;C:\Program Files\Git\cmd;C:\Program Files\nodejs\;C:\ProgramData\chocolatey\bin;C:\Users\mafat\AppData\Local\Microsoft\WindowsApps;C:\Users\mafat\AppData\Local\Programs\Microsoft VS Code\bin;C:\Users\mafat\AppData\Local\GitHubDesktop\bin;C:\Users\mafat\AppData\Roaming\npm;C:\Users\mafat\AppData\Local\atom\bin
USERNAME=mafat
OS=Windows_NT
PROCESSOR_IDENTIFIER=Intel64 Family 6 Model 140 Stepping 1, GenuineIntel
TMP=C:\Users\mafat\AppData\Local\Temp
TEMP=C:\Users\mafat\AppData\Local\Temp



---------------  S Y S T E M  ---------------

OS:
 Windows 10 , 64 bit Build 19041 (10.0.19041.2251)
OS uptime: 2 days 3:49 hours

CPU: total 8 (initial active 8) (4 cores per cpu, 2 threads per core) family 6 model 140 stepping 1 microcode 0xa4, cx8, cmov, fxsr, ht, mmx, 3dnowpref, sse, sse2, sse3, ssse3, sse4.1, sse4.2, popcnt, lzcnt, tsc, tscinvbit, avx, avx2, aes, erms, clmul, bmi1, bmi2, adx, avx512f, avx512dq, avx512cd, avx512bw, avx512vl, sha, fma, vzeroupper, avx512_vpopcntdq, avx512_vpclmulqdq, avx512_vaes, avx512_vnni, clflush, clflushopt, clwb, avx512_vbmi2, avx512_vbmi

Memory: 4k page, system-wide physical 16064M (366M free)
TotalPageFile size 65216M (AvailPageFile size 452M)
current process WorkingSet (physical memory assigned to process): 51M, peak: 51M
current process commit charge ("private bytes"): 192M, peak: 192M

vm_info: OpenJDK 64-Bit Server VM (17.0.4.1+1) for windows-amd64 JRE (17.0.4.1+1), built on Aug 17 2022 07:42:43 by "temurin" with MS VC++ 16.7 (VS2019)

END.
