#
# There is insufficient memory for the Java Runtime Environment to continue.
# Native memory allocation (malloc) failed to allocate 1048576 bytes for AllocateHeap
# Possible reasons:
#   The system is out of physical RAM or swap space
#   The process is running with CompressedOops enabled, and the Java Heap may be blocking the growth of the native heap
# Possible solutions:
#   Reduce memory load on the system
#   Increase physical memory or swap space
#   Check if swap backing store is full
#   Decrease Java heap size (-Xmx/-Xms)
#   Decrease number of Java threads
#   Decrease Java thread stack sizes (-Xss)
#   Set larger code cache with -XX:ReservedCodeCacheSize=
#   JVM is running with Zero Based Compressed Oops mode in which the Java heap is
#     placed in the first 32GB address space. The Java Heap base address is the
#     maximum limit for the native heap growth. Please use -XX:HeapBaseMinAddress
#     to set the Java Heap base and to place the Java Heap above 32GB virtual address.
# This output file may be truncated or incomplete.
#
#  Out of Memory Error (memory/allocation.inline.hpp:61), pid=11876, tid=0x0000000000000f0c
#
# JRE version:  (8.0_321-b07) (build )
# Java VM: Java HotSpot(TM) 64-Bit Server VM (25.321-b07 mixed mode windows-amd64 compressed oops)
# Failed to write core dump. Minidumps are not enabled by default on client versions of Windows
#

---------------  T H R E A D  ---------------

Current thread (0x000001db07a4f800):  JavaThread "Unknown thread" [_thread_in_vm, id=3852, stack(0x0000002d94b00000,0x0000002d94c00000)]

Stack: [0x0000002d94b00000,0x0000002d94c00000]
Native frames: (J=compiled Java code, j=interpreted, Vv=VM code, C=native code)
V  [jvm.dll+0x32fc49]
V  [jvm.dll+0x2761a2]
V  [jvm.dll+0x276e4d]
V  [jvm.dll+0x26d7f5]
V  [jvm.dll+0x509d]
V  [jvm.dll+0x3ca62d]
V  [jvm.dll+0x3cb3aa]
V  [jvm.dll+0x3c7337]
V  [jvm.dll+0xfd2ff]
V  [jvm.dll+0x20a8eb]
V  [jvm.dll+0x239417]
V  [jvm.dll+0x162e26]
C  [java.exe+0x2312]
C  [java.exe+0x15f54]
C  [KERNEL32.DLL+0x174b4]
C  [ntdll.dll+0x526a1]


---------------  P R O C E S S  ---------------

Java Threads: ( => current thread )

Other Threads:

=>0x000001db07a4f800 (exited) JavaThread "Unknown thread" [_thread_in_vm, id=3852, stack(0x0000002d94b00000,0x0000002d94c00000)]

VM state:not at safepoint (normal execution)

VM Mutex/Monitor currently owned by a thread: None

heap address: 0x00000006c4e00000, size: 4018 MB, Compressed Oops mode: Zero based, Oop shift amount: 3
Narrow klass base: 0x0000000000000000, Narrow klass shift: 3
Compressed class space size: 1073741824 Address: 0x00000007c0000000

Heap:
 PSYoungGen      total 75264K, used 1290K [0x000000076c500000, 0x0000000771900000, 0x00000007c0000000)
  eden space 64512K, 2% used [0x000000076c500000,0x000000076c642900,0x0000000770400000)
  from space 10752K, 0% used [0x0000000770e80000,0x0000000770e80000,0x0000000771900000)
  to   space 10752K, 0% used [0x0000000770400000,0x0000000770400000,0x0000000770e80000)
 ParOldGen       total 172032K, used 0K [0x00000006c4e00000, 0x00000006cf600000, 0x000000076c500000)
  object space 172032K, 0% used [0x00000006c4e00000,0x00000006c4e00000,0x00000006cf600000)
 Metaspace       used 778K, capacity 4480K, committed 4480K, reserved 1056768K
  class space    used 76K, capacity 384K, committed 384K, reserved 1048576K

Card table byte_map: [0x000001db18710000,0x000001db18ef0000] byte_map_base: 0x000001db150e9000

Marking Bits: (ParMarkBitMap*) 0x0000000060d59030
 Begin Bits: [0x000001db19430000, 0x000001db1d2f8000)
 End Bits:   [0x000001db1d2f8000, 0x000001db211c0000)

Polling page: 0x000001db07b70000

CodeCache: size=245760Kb used=329Kb max_used=329Kb free=245430Kb
 bounds [0x000001db09350000, 0x000001db095c0000, 0x000001db18350000]
 total_blobs=58 nmethods=0 adapters=38
 compilation: enabled

Compilation events (0 events):
No events

GC Heap History (0 events):
No events

Deoptimization events (0 events):
No events

Classes redefined (0 events):
No events

Internal exceptions (0 events):
No events

Events (10 events):
Event: 0.119 loading class java/lang/Short
Event: 0.119 loading class java/lang/Short done
Event: 0.119 loading class java/lang/Integer
Event: 0.120 loading class java/lang/Integer done
Event: 0.120 loading class java/lang/Long
Event: 0.120 loading class java/lang/Long done
Event: 0.121 loading class java/lang/NullPointerException
Event: 0.121 loading class java/lang/NullPointerException done
Event: 0.121 loading class java/lang/ArithmeticException
Event: 0.121 loading class java/lang/ArithmeticException done


Dynamic libraries:
0x00007ff6dacf0000 - 0x00007ff6dad37000 	C:\Program Files\Java\jdk1.8.0_321\bin\java.exe
0x00007ff83a330000 - 0x00007ff83a528000 	C:\windows\SYSTEM32\ntdll.dll
0x00007ff838420000 - 0x00007ff8384df000 	C:\windows\System32\KERNEL32.DLL
0x00007ff837a30000 - 0x00007ff837d02000 	C:\windows\System32\KERNELBASE.dll
0x00007ff839a70000 - 0x00007ff839b1e000 	C:\windows\System32\ADVAPI32.dll
0x00007ff839150000 - 0x00007ff8391ee000 	C:\windows\System32\msvcrt.dll
0x00007ff838380000 - 0x00007ff83841c000 	C:\windows\System32\sechost.dll
0x00007ff8391f0000 - 0x00007ff839315000 	C:\windows\System32\RPCRT4.dll
0x00007ff838780000 - 0x00007ff83891d000 	C:\windows\System32\USER32.dll
0x00007ff838020000 - 0x00007ff838042000 	C:\windows\System32\win32u.dll
0x00007ff8385d0000 - 0x00007ff8385fb000 	C:\windows\System32\GDI32.dll
0x00007ff838050000 - 0x00007ff83815f000 	C:\windows\System32\gdi32full.dll
0x00007ff8382e0000 - 0x00007ff83837d000 	C:\windows\System32\msvcp_win.dll
0x00007ff837dc0000 - 0x00007ff837ec0000 	C:\windows\System32\ucrtbase.dll
0x00007ff81b570000 - 0x00007ff81b80a000 	C:\windows\WinSxS\amd64_microsoft.windows.common-controls_6595b64144ccf1df_6.0.19041.1110_none_60b5254171f9507e\COMCTL32.dll
0x00007ff838f60000 - 0x00007ff838f92000 	C:\windows\System32\IMM32.DLL
0x00007ff81b850000 - 0x00007ff81b865000 	C:\Program Files\Java\jdk1.8.0_321\jre\bin\vcruntime140.dll
0x00007fffb27c0000 - 0x00007fffb285b000 	C:\Program Files\Java\jdk1.8.0_321\jre\bin\msvcp140.dll
0x0000000060570000 - 0x0000000060dd1000 	C:\Program Files\Java\jdk1.8.0_321\jre\bin\server\jvm.dll
0x00007ff838600000 - 0x00007ff838608000 	C:\windows\System32\PSAPI.DLL
0x00007ff82f4c0000 - 0x00007ff82f4c9000 	C:\windows\SYSTEM32\WSOCK32.dll
0x00007ff8389a0000 - 0x00007ff838a0b000 	C:\windows\System32\WS2_32.dll
0x00007ff8165a0000 - 0x00007ff8165c7000 	C:\windows\SYSTEM32\WINMM.dll
0x00007ff82c5a0000 - 0x00007ff82c5aa000 	C:\windows\SYSTEM32\VERSION.dll
0x00007ff836280000 - 0x00007ff836292000 	C:\windows\SYSTEM32\kernel.appcore.dll
0x00007ff816bf0000 - 0x00007ff816c00000 	C:\Program Files\Java\jdk1.8.0_321\jre\bin\verify.dll
0x00007ff815b70000 - 0x00007ff815b9b000 	C:\Program Files\Java\jdk1.8.0_321\jre\bin\java.dll
0x00007ff816bd0000 - 0x00007ff816be8000 	C:\Program Files\Java\jdk1.8.0_321\jre\bin\zip.dll
0x00007ff836060000 - 0x00007ff836244000 	C:\windows\SYSTEM32\dbghelp.dll
0x00007ff838160000 - 0x00007ff8381e2000 	C:\windows\System32\bcryptPrimitives.dll

VM Arguments:
jvm_args: -Dfile.encoding=utf8 
java_command: c:\Users\mafat\.vscode\extensions\vscjava.vscode-gradle-3.12.6\lib\gradle-language-server.jar
java_class_path (initial): c:\Users\mafat\.vscode\extensions\vscjava.vscode-gradle-3.12.6\lib\gradle-language-server.jar
Launcher Type: SUN_STANDARD

Environment Variables:
PATH=C:\Users\mafat\AppData\Local\Programs\Python\Python310\Scripts\;C:\Users\mafat\AppData\Local\Programs\Python\Python310\;C:\Program Files\Common Files\Oracle\Java\javapath;C:\Program Files (x86)\Common Files\Oracle\Java\javapath;C:\windows\system32;C:\windows;C:\windows\System32\Wbem;C:\windows\System32\WindowsPowerShell\v1.0\;C:\windows\System32\OpenSSH\;C:\Program Files\Git\cmd;C:\Program Files\nodejs\;C:\ProgramData\chocolatey\bin;C:\Users\mafat\AppData\Local\Microsoft\WindowsApps;C:\Users\mafat\AppData\Local\Programs\Microsoft VS Code\bin;C:\Users\mafat\AppData\Local\GitHubDesktop\bin;C:\Users\mafat\AppData\Roaming\npm;C:\Users\mafat\AppData\Local\atom\bin
USERNAME=mafat
OS=Windows_NT
PROCESSOR_IDENTIFIER=Intel64 Family 6 Model 140 Stepping 1, GenuineIntel



---------------  S Y S T E M  ---------------

OS: Windows 10 , 64 bit Build 19041 (10.0.19041.2251)

CPU:total 8 (initial active 8) (4 cores per cpu, 2 threads per core) family 6 model 140 stepping 1, cmov, cx8, fxsr, mmx, sse, sse2, sse3, ssse3, sse4.1, sse4.2, popcnt, avx, avx2, aes, clmul, erms, 3dnowpref, lzcnt, ht, tsc, tscinvbit, bmi1, bmi2, adx

Memory: 4k page, physical 16449800k(2738676k free), swap 66781448k(43164k free)

vm_info: Java HotSpot(TM) 64-Bit Server VM (25.321-b07) for windows-amd64 JRE (1.8.0_321-b07), built on Dec 15 2021 11:19:20 by "java_re" with MS VC++ 15.9 (VS2017)

time: Wed Dec 14 15:28:48 2022
timezone: South Africa Standard Time
elapsed time: 0.171247 seconds (0d 0h 0m 0s)

