#
# There is insufficient memory for the Java Runtime Environment to continue.
# Native memory allocation (mmap) failed to map 65536 bytes for Failed to commit metaspace.
# Possible reasons:
#   The system is out of physical RAM or swap space
#   The process is running with CompressedOops enabled, and the Java Heap may be blocking the growth of the native heap
# Possible solutions:
#   Reduce memory load on the system
#   Increase physical memory or swap space
#   Check if swap backing store is full
#   Decrease Java heap size (-Xmx/-Xms)
#   Decrease number of Java threads
#   Decrease Java thread stack sizes (-Xss)
#   Set larger code cache with -XX:ReservedCodeCacheSize=
#   JVM is running with Unscaled Compressed Oops mode in which the Java heap is
#     placed in the first 4GB address space. The Java Heap base address is the
#     maximum limit for the native heap growth. Please use -XX:HeapBaseMinAddress
#     to set the Java Heap base and to place the Java Heap above 4GB virtual address.
# This output file may be truncated or incomplete.
#
#  Out of Memory Error (virtualSpaceNode.cpp:110), pid=14612, tid=11600
#
# JRE version: OpenJDK Runtime Environment Temurin-17.0.4.1+1 (17.0.4.1+1) (build 17.0.4.1+1)
# Java VM: OpenJDK 64-Bit Server VM Temurin-17.0.4.1+1 (17.0.4.1+1, mixed mode, tiered, compressed oops, compressed class ptrs, parallel gc, windows-amd64)
# No core dump will be written. Minidumps are not enabled by default on client versions of Windows
#

---------------  S U M M A R Y ------------

Command Line: --add-modules=ALL-SYSTEM --add-opens=java.base/java.util=ALL-UNNAMED --add-opens=java.base/java.lang=ALL-UNNAMED --add-opens=java.base/sun.nio.fs=ALL-UNNAMED -Declipse.application=org.eclipse.jdt.ls.core.id1 -Dosgi.bundles.defaultStartLevel=4 -Declipse.product=org.eclipse.jdt.ls.core.product -Djava.import.generatesMetadataFilesAtProjectRoot=false -Dfile.encoding=utf8 -XX:+UseParallelGC -XX:GCTimeRatio=4 -XX:AdaptiveSizePolicyWeight=90 -Dsun.zip.disableMemoryMapping=true -Xmx1G -Xms100m -Xlog:disable -javaagent:c:\Users\mafat\.vscode\extensions\redhat.java-1.12.0-win32-x64\lombok\lombok-1.18.24.jar c:\Users\mafat\.vscode\extensions\redhat.java-1.12.0-win32-x64\server\plugins\org.eclipse.equinox.launcher_1.6.400.v20210924-0641.jar -configuration c:\Users\mafat\AppData\Roaming\Code\User\globalStorage\redhat.java\1.12.0\config_ss_win -data c:\Users\mafat\AppData\Roaming\Code\User\workspaceStorage\0e76ea2632a4499ddf5cfbc9fd5763ab\redhat.java\ss_ws

Host: 11th Gen Intel(R) Core(TM) i5-1135G7 @ 2.40GHz, 8 cores, 15G,  Windows 10 , 64 bit Build 19041 (10.0.19041.2251)
Time: Thu Nov 24 12:48:57 2022 South Africa Standard Time elapsed time: 0.495344 seconds (0d 0h 0m 0s)

---------------  T H R E A D  ---------------

Current thread (0x000001b5ca181570):  JavaThread "C1 CompilerThread0" daemon [_thread_in_vm, id=11600, stack(0x00000050f0c00000,0x00000050f0d00000)]


Current CompileTask:
C1:    495  325       3       java.util.regex.Pattern::has (15 bytes)

Stack: [0x00000050f0c00000,0x00000050f0d00000]
Native frames: (J=compiled Java code, j=interpreted, Vv=VM code, C=native code)
V  [jvm.dll+0x67731a]
V  [jvm.dll+0x832284]
V  [jvm.dll+0x833a2e]
V  [jvm.dll+0x834093]
V  [jvm.dll+0x245775]
V  [jvm.dll+0x82e22b]
V  [jvm.dll+0x61bdf6]
V  [jvm.dll+0x61be5a]
V  [jvm.dll+0x61e67a]
V  [jvm.dll+0x61c796]
V  [jvm.dll+0x62d9da]
V  [jvm.dll+0x62680a]
V  [jvm.dll+0x1cc970]
V  [jvm.dll+0x1ccb5f]
V  [jvm.dll+0x13414e]
V  [jvm.dll+0x134476]
V  [jvm.dll+0x13390a]
V  [jvm.dll+0x1355d1]
V  [jvm.dll+0x227498]
V  [jvm.dll+0x2255e5]
V  [jvm.dll+0x7e7e9b]
V  [jvm.dll+0x7e240a]
V  [jvm.dll+0x6761a5]
C  [ucrtbase.dll+0x21bb2]
C  [KERNEL32.DLL+0x174b4]
C  [ntdll.dll+0x526a1]


---------------  P R O C E S S  ---------------

Threads class SMR info:
_java_thread_list=0x000001b5ca288780, length=12, elements={
0x000001b5b3ca0d50, 0x000001b5ca0f7130, 0x000001b5c7b32c30, 0x000001b5ca0d7f00,
0x000001b5ca0d8ab0, 0x000001b5ca0d9660, 0x000001b5ca127020, 0x000001b5ca12a020,
0x000001b5ca181570, 0x000001b5ca199b40, 0x000001b5ca222440, 0x000001b5ca2b18d0
}

Java Threads: ( => current thread )
  0x000001b5b3ca0d50 JavaThread "main" [_thread_in_vm, id=17388, stack(0x00000050f0100000,0x00000050f0200000)]
  0x000001b5ca0f7130 JavaThread "Reference Handler" daemon [_thread_blocked, id=20804, stack(0x00000050f0500000,0x00000050f0600000)]
  0x000001b5c7b32c30 JavaThread "Finalizer" daemon [_thread_blocked, id=26944, stack(0x00000050f0600000,0x00000050f0700000)]
  0x000001b5ca0d7f00 JavaThread "Signal Dispatcher" daemon [_thread_blocked, id=14704, stack(0x00000050f0700000,0x00000050f0800000)]
  0x000001b5ca0d8ab0 JavaThread "Attach Listener" daemon [_thread_blocked, id=28176, stack(0x00000050f0800000,0x00000050f0900000)]
  0x000001b5ca0d9660 JavaThread "Service Thread" daemon [_thread_blocked, id=16976, stack(0x00000050f0900000,0x00000050f0a00000)]
  0x000001b5ca127020 JavaThread "Monitor Deflation Thread" daemon [_thread_blocked, id=28712, stack(0x00000050f0a00000,0x00000050f0b00000)]
  0x000001b5ca12a020 JavaThread "C2 CompilerThread0" daemon [_thread_blocked, id=28880, stack(0x00000050f0b00000,0x00000050f0c00000)]
=>0x000001b5ca181570 JavaThread "C1 CompilerThread0" daemon [_thread_in_vm, id=11600, stack(0x00000050f0c00000,0x00000050f0d00000)]
  0x000001b5ca199b40 JavaThread "Sweeper thread" daemon [_thread_blocked, id=28564, stack(0x00000050f0d00000,0x00000050f0e00000)]
  0x000001b5ca222440 JavaThread "Common-Cleaner" daemon [_thread_blocked, id=19772, stack(0x00000050f0e00000,0x00000050f0f00000)]
  0x000001b5ca2b18d0 JavaThread "C2 CompilerThread1" daemon [_thread_blocked, id=17492, stack(0x00000050f0f00000,0x00000050f1000000)]

Other Threads:
  0x000001b5c7b2f4c0 VMThread "VM Thread" [stack: 0x00000050f0400000,0x00000050f0500000] [id=3820]
  0x000001b5b3cb8720 GCTaskThread "GC Thread#0" [stack: 0x00000050f0300000,0x00000050f0400000] [id=19820]

Threads with active compile tasks:
C1 CompilerThread0      513  325       3       java.util.regex.Pattern::has (15 bytes)

VM state: not at safepoint (normal execution)

VM Mutex/Monitor currently owned by a thread:  ([mutex/lock_event])
[0x000001b5b3c9a8b0] Metaspace_lock - owner thread: 0x000001b5ca181570
[0x000001b5b3c9c2e0] MethodData_lock - owner thread: 0x000001b5ca181570

Heap address: 0x00000000c0000000, size: 1024 MB, Compressed Oops mode: 32-bit

CDS archive(s) not mapped
Compressed class space mapped at: 0x0000000100000000-0x0000000140000000, reserved size: 1073741824
Narrow klass base: 0x0000000000000000, Narrow klass shift: 3, Narrow klass range: 0x140000000

GC Precious Log:
 CPUs: 8 total, 8 available
 Memory: 16064M
 Large Page Support: Disabled
 NUMA Support: Disabled
 Compressed Oops: Enabled (32-bit)
 Alignments: Space 512K, Generation 512K, Heap 2M
 Heap Min Capacity: 100M
 Heap Initial Capacity: 100M
 Heap Max Capacity: 1G
 Pre-touch: Disabled
 Parallel Workers: 8

Heap:
 PSYoungGen      total 29696K, used 5582K [0x00000000eab00000, 0x00000000ecc00000, 0x0000000100000000)
  eden space 25600K, 21% used [0x00000000eab00000,0x00000000eb073b58,0x00000000ec400000)
  from space 4096K, 0% used [0x00000000ec800000,0x00000000ec800000,0x00000000ecc00000)
  to   space 4096K, 0% used [0x00000000ec400000,0x00000000ec400000,0x00000000ec800000)
 ParOldGen       total 68608K, used 0K [0x00000000c0000000, 0x00000000c4300000, 0x00000000eab00000)
  object space 68608K, 0% used [0x00000000c0000000,0x00000000c0000000,0x00000000c4300000)
 Metaspace       used 6044K, committed 6208K, reserved 1056768K
  class space    used 591K, committed 704K, reserved 1048576K

Card table byte_map: [0x000001b5b3660000,0x000001b5b3870000] _byte_map_base: 0x000001b5b3060000

Marking Bits: (ParMarkBitMap*) 0x00007fffb6df2cc0
 Begin Bits: [0x000001b5c5940000, 0x000001b5c6940000)
 End Bits:   [0x000001b5c6940000, 0x000001b5c7940000)

Polling page: 0x000001b5b1ba0000

Metaspace:

Usage:
  Non-class:      5.33 MB used.
      Class:    591.44 KB used.
       Both:      5.90 MB used.

Virtual space:
  Non-class space:        8.00 MB reserved,       5.38 MB ( 67%) committed,  1 nodes.
      Class space:        1.00 GB reserved,     704.00 KB ( <1%) committed,  1 nodes.
             Both:        1.01 GB reserved,       6.06 MB ( <1%) committed. 

Chunk freelists:
   Non-Class:  2.36 MB
       Class:  3.23 MB
        Both:  5.59 MB

MaxMetaspaceSize: unlimited
CompressedClassSpaceSize: 1.00 GB
Initial GC threshold: 21.00 MB
Current GC threshold: 21.00 MB
CDS: off
MetaspaceReclaimPolicy: balanced
 - commit_granule_bytes: 65536.
 - commit_granule_words: 8192.
 - virtual_space_node_default_size: 1048576.
 - enlarge_chunks_in_place: 1.
 - new_chunks_are_fully_committed: 0.
 - uncommit_free_chunks: 1.
 - use_allocation_guard: 0.
 - handle_deallocations: 1.


Internal statistics:

num_allocs_failed_limit: 0.
num_arena_births: 10.
num_arena_deaths: 0.
num_vsnodes_births: 2.
num_vsnodes_deaths: 0.
num_space_committed: 97.
num_space_uncommitted: 0.
num_chunks_returned_to_freelist: 0.
num_chunks_taken_from_freelist: 31.
num_chunk_merges: 0.
num_chunk_splits: 16.
num_chunks_enlarged: 12.
num_purges: 0.
num_inconsistent_stats: 0.

CodeHeap 'non-profiled nmethods': size=120000Kb used=94Kb max_used=94Kb free=119905Kb
 bounds [0x000001b5be410000, 0x000001b5be680000, 0x000001b5c5940000]
CodeHeap 'profiled nmethods': size=120000Kb used=372Kb max_used=372Kb free=119627Kb
 bounds [0x000001b5b6ee0000, 0x000001b5b7150000, 0x000001b5be410000]
CodeHeap 'non-nmethods': size=5760Kb used=1106Kb max_used=1120Kb free=4653Kb
 bounds [0x000001b5b6940000, 0x000001b5b6bb0000, 0x000001b5b6ee0000]
 total_blobs=695 nmethods=323 adapters=287
 compilation: enabled
              stopped_count=0, restarted_count=0
 full_count=0

Compilation events (20 events):
Event: 0.481 Thread 0x000001b5ca12a020  316       4       java.lang.StringBuilder::append (8 bytes)
Event: 0.481 Thread 0x000001b5ca181570 nmethod 314 0x000001b5b6f3a210 code [0x000001b5b6f3a3c0, 0x000001b5b6f3a5b8]
Event: 0.481 Thread 0x000001b5ca181570  315       3       java.lang.CharacterDataLatin1::getType (11 bytes)
Event: 0.481 Thread 0x000001b5ca181570 nmethod 315 0x000001b5b6f3a690 code [0x000001b5b6f3a840, 0x000001b5b6f3a9f8]
Event: 0.483 Thread 0x000001b5ca2b18d0  317       4       java.io.WinNTFileSystem::isSlash (18 bytes)
Event: 0.483 Thread 0x000001b5ca2b18d0 nmethod 317 0x000001b5be426490 code [0x000001b5be426600, 0x000001b5be426698]
Event: 0.485 Thread 0x000001b5ca181570  318       1       java.net.URI::getScheme (5 bytes)
Event: 0.485 Thread 0x000001b5ca181570 nmethod 318 0x000001b5be426790 code [0x000001b5be426920, 0x000001b5be4269f8]
Event: 0.485 Thread 0x000001b5ca181570  320       3       java.lang.StringLatin1::regionMatchesCI (98 bytes)
Event: 0.488 Thread 0x000001b5ca181570 nmethod 320 0x000001b5b6f3ab10 code [0x000001b5b6f3ad40, 0x000001b5b6f3b498]
Event: 0.488 Thread 0x000001b5ca181570  319       3       java.lang.String::regionMatches (150 bytes)
Event: 0.489 Thread 0x000001b5ca181570 nmethod 319 0x000001b5b6f3b810 code [0x000001b5b6f3ba60, 0x000001b5b6f3c268]
Event: 0.489 Thread 0x000001b5ca12a020 nmethod 316 0x000001b5be426a90 code [0x000001b5be426c20, 0x000001b5be427108]
Event: 0.489 Thread 0x000001b5ca181570  321       3       java.net.URI$Parser::checkChars (44 bytes)
Event: 0.490 Thread 0x000001b5ca181570 nmethod 321 0x000001b5b6f3c510 code [0x000001b5b6f3c740, 0x000001b5b6f3cd88]
Event: 0.492 Thread 0x000001b5ca181570  323       3       java.lang.invoke.MethodType::parameterCount (6 bytes)
Event: 0.492 Thread 0x000001b5ca181570 nmethod 323 0x000001b5b6f3d010 code [0x000001b5b6f3d1a0, 0x000001b5b6f3d2b8]
Event: 0.493 Thread 0x000001b5ca181570  324       1       java.util.ArrayList::size (5 bytes)
Event: 0.494 Thread 0x000001b5ca181570 nmethod 324 0x000001b5be427710 code [0x000001b5be4278a0, 0x000001b5be427978]
Event: 0.494 Thread 0x000001b5ca181570  325       3       java.util.regex.Pattern::has (15 bytes)

GC Heap History (0 events):
No events

Deoptimization events (0 events):
No events

Classes unloaded (0 events):
No events

Classes redefined (0 events):
No events

Internal exceptions (2 events):
Event: 0.272 Thread 0x000001b5b3ca0d50 Exception <a 'java/lang/NoSuchMethodError'{0x00000000eacb24e8}: 'void java.lang.invoke.DirectMethodHandle$Holder.invokeStatic(java.lang.Object, java.lang.Object, java.lang.Object)'> (0x00000000eacb24e8) 
thrown [s\src\hotspot\share\interpreter\linkResolver.cpp, line 759]
Event: 0.470 Thread 0x000001b5b3ca0d50 Exception <a 'java/lang/reflect/InvocationTargetException'{0x00000000eaf79440}> (0x00000000eaf79440) 
thrown [s\src\hotspot\share\runtime\reflection.cpp, line 1121]

VM Operations (2 events):
Event: 0.279 Executing VM operation: HandshakeAllThreads
Event: 0.279 Executing VM operation: HandshakeAllThreads done

Events (20 events):
Event: 0.491 loading class java/util/regex/Pattern$GroupTail
Event: 0.491 loading class java/util/regex/Pattern$GroupTail done
Event: 0.491 loading class java/util/regex/Pattern$BitClass
Event: 0.492 loading class java/util/regex/Pattern$BitClass done
Event: 0.492 loading class java/util/regex/Pattern$BranchConn
Event: 0.493 loading class java/util/regex/Pattern$BranchConn done
Event: 0.493 loading class java/util/regex/Pattern$Branch
Event: 0.493 loading class java/util/regex/Pattern$Branch done
Event: 0.493 loading class java/util/regex/Pattern$StartS
Event: 0.493 loading class java/util/regex/Pattern$StartS done
Event: 0.493 loading class java/util/regex/Pattern$Curly
Event: 0.493 loading class java/util/regex/Pattern$Curly done
Event: 0.493 loading class java/util/regex/Pattern$Ques
Event: 0.493 loading class java/util/regex/Pattern$Ques done
Event: 0.493 loading class java/util/regex/Pattern$Loop
Event: 0.493 loading class java/util/regex/Pattern$Loop done
Event: 0.493 loading class java/util/regex/Pattern$Prolog
Event: 0.493 loading class java/util/regex/Pattern$Prolog done
Event: 0.493 loading class java/util/regex/Pattern$Dollar
Event: 0.493 loading class java/util/regex/Pattern$Dollar done


Dynamic libraries:
0x00007ff697a10000 - 0x00007ff697a1e000 	c:\Users\mafat\.vscode\extensions\redhat.java-1.12.0-win32-x64\jre\17.0.4.1-win32-x86_64\bin\java.exe
0x00007ff803030000 - 0x00007ff803228000 	C:\windows\SYSTEM32\ntdll.dll
0x00007ff801970000 - 0x00007ff801a2f000 	C:\windows\System32\KERNEL32.DLL
0x00007ff800840000 - 0x00007ff800b12000 	C:\windows\System32\KERNELBASE.dll
0x00007ff800f80000 - 0x00007ff801080000 	C:\windows\System32\ucrtbase.dll
0x00007ffff47c0000 - 0x00007ffff47d8000 	c:\Users\mafat\.vscode\extensions\redhat.java-1.12.0-win32-x64\jre\17.0.4.1-win32-x86_64\bin\jli.dll
0x00007ff801240000 - 0x00007ff8013dd000 	C:\windows\System32\USER32.dll
0x00007ff800e40000 - 0x00007ff800e62000 	C:\windows\System32\win32u.dll
0x00007ff802180000 - 0x00007ff8021ab000 	C:\windows\System32\GDI32.dll
0x00007ff800e70000 - 0x00007ff800f7f000 	C:\windows\System32\gdi32full.dll
0x00007ff800bd0000 - 0x00007ff800c6d000 	C:\windows\System32\msvcp_win.dll
0x00007fffeed10000 - 0x00007fffeed29000 	c:\Users\mafat\.vscode\extensions\redhat.java-1.12.0-win32-x64\jre\17.0.4.1-win32-x86_64\bin\VCRUNTIME140.dll
0x00007fffe3de0000 - 0x00007fffe407a000 	C:\windows\WinSxS\amd64_microsoft.windows.common-controls_6595b64144ccf1df_6.0.19041.1110_none_60b5254171f9507e\COMCTL32.dll
0x00007ff8011a0000 - 0x00007ff80123e000 	C:\windows\System32\msvcrt.dll
0x00007ff801080000 - 0x00007ff8010b2000 	C:\windows\System32\IMM32.DLL
0x00007ffff53e0000 - 0x00007ffff53ec000 	c:\Users\mafat\.vscode\extensions\redhat.java-1.12.0-win32-x64\jre\17.0.4.1-win32-x86_64\bin\vcruntime140_1.dll
0x00007fffbc180000 - 0x00007fffbc211000 	c:\Users\mafat\.vscode\extensions\redhat.java-1.12.0-win32-x64\jre\17.0.4.1-win32-x86_64\bin\msvcp140.dll
0x00007fffb6270000 - 0x00007fffb6eb6000 	c:\Users\mafat\.vscode\extensions\redhat.java-1.12.0-win32-x64\jre\17.0.4.1-win32-x86_64\bin\server\jvm.dll
0x00007ff802210000 - 0x00007ff8022be000 	C:\windows\System32\ADVAPI32.dll
0x00007ff801740000 - 0x00007ff8017dc000 	C:\windows\System32\sechost.dll
0x00007ff801e30000 - 0x00007ff801f55000 	C:\windows\System32\RPCRT4.dll
0x00007ff801d70000 - 0x00007ff801d78000 	C:\windows\System32\PSAPI.DLL
0x00007ffff75c0000 - 0x00007ffff75c9000 	C:\windows\SYSTEM32\WSOCK32.dll
0x00007ff801c50000 - 0x00007ff801cbb000 	C:\windows\System32\WS2_32.dll
0x00007fffdf470000 - 0x00007fffdf497000 	C:\windows\SYSTEM32\WINMM.dll
0x00007ffff47e0000 - 0x00007ffff47ea000 	C:\windows\SYSTEM32\VERSION.dll
0x00007ffffefb0000 - 0x00007ffffefc2000 	C:\windows\SYSTEM32\kernel.appcore.dll
0x00007fffeec60000 - 0x00007fffeec6a000 	c:\Users\mafat\.vscode\extensions\redhat.java-1.12.0-win32-x64\jre\17.0.4.1-win32-x86_64\bin\jimage.dll
0x00007ffffed50000 - 0x00007ffffef34000 	C:\windows\SYSTEM32\DBGHELP.DLL
0x00007fffdf3f0000 - 0x00007fffdf41c000 	C:\windows\SYSTEM32\dbgcore.DLL
0x00007ff800730000 - 0x00007ff8007b2000 	C:\windows\System32\bcryptPrimitives.dll
0x00007fffeec50000 - 0x00007fffeec5e000 	c:\Users\mafat\.vscode\extensions\redhat.java-1.12.0-win32-x64\jre\17.0.4.1-win32-x86_64\bin\instrument.dll
0x00007fffe3c80000 - 0x00007fffe3ca5000 	c:\Users\mafat\.vscode\extensions\redhat.java-1.12.0-win32-x64\jre\17.0.4.1-win32-x86_64\bin\java.dll
0x00007fffed8e0000 - 0x00007fffed8f8000 	c:\Users\mafat\.vscode\extensions\redhat.java-1.12.0-win32-x64\jre\17.0.4.1-win32-x86_64\bin\zip.dll
0x00007ff8023a0000 - 0x00007ff802ae3000 	C:\windows\System32\SHELL32.dll
0x00007ffffe4f0000 - 0x00007ffffec82000 	C:\windows\SYSTEM32\windows.storage.dll
0x00007ff8013e0000 - 0x00007ff801734000 	C:\windows\System32\combase.dll
0x00007ff800190000 - 0x00007ff8001c0000 	C:\windows\SYSTEM32\Wldp.dll
0x00007ff801cc0000 - 0x00007ff801d6d000 	C:\windows\System32\SHCORE.dll
0x00007ff801be0000 - 0x00007ff801c35000 	C:\windows\System32\shlwapi.dll
0x00007ff800670000 - 0x00007ff80068f000 	C:\windows\SYSTEM32\profapi.dll
0x00007fffed7f0000 - 0x00007fffed809000 	C:\Users\mafat\.vscode\extensions\redhat.java-1.12.0-win32-x64\jre\17.0.4.1-win32-x86_64\bin\net.dll
0x00007ffffa0c0000 - 0x00007ffffa1cc000 	C:\windows\SYSTEM32\WINHTTP.dll
0x00007ff800010000 - 0x00007ff80007a000 	C:\windows\system32\mswsock.dll
0x00007fffeeb90000 - 0x00007fffeeba5000 	C:\Users\mafat\.vscode\extensions\redhat.java-1.12.0-win32-x64\jre\17.0.4.1-win32-x86_64\bin\nio.dll
0x00007fffeeb80000 - 0x00007fffeeb90000 	c:\Users\mafat\.vscode\extensions\redhat.java-1.12.0-win32-x64\jre\17.0.4.1-win32-x86_64\bin\verify.dll

dbghelp: loaded successfully - version: 4.0.5 - missing functions: none
symbol engine: initialized successfully - sym options: 0x614 - pdb path: .;c:\Users\mafat\.vscode\extensions\redhat.java-1.12.0-win32-x64\jre\17.0.4.1-win32-x86_64\bin;C:\windows\SYSTEM32;C:\windows\WinSxS\amd64_microsoft.windows.common-controls_6595b64144ccf1df_6.0.19041.1110_none_60b5254171f9507e;c:\Users\mafat\.vscode\extensions\redhat.java-1.12.0-win32-x64\jre\17.0.4.1-win32-x86_64\bin\server

VM Arguments:
jvm_args: --add-modules=ALL-SYSTEM --add-opens=java.base/java.util=ALL-UNNAMED --add-opens=java.base/java.lang=ALL-UNNAMED --add-opens=java.base/sun.nio.fs=ALL-UNNAMED -Declipse.application=org.eclipse.jdt.ls.core.id1 -Dosgi.bundles.defaultStartLevel=4 -Declipse.product=org.eclipse.jdt.ls.core.product -Djava.import.generatesMetadataFilesAtProjectRoot=false -Dfile.encoding=utf8 -XX:+UseParallelGC -XX:GCTimeRatio=4 -XX:AdaptiveSizePolicyWeight=90 -Dsun.zip.disableMemoryMapping=true -Xmx1G -Xms100m -Xlog:disable -javaagent:c:\Users\mafat\.vscode\extensions\redhat.java-1.12.0-win32-x64\lombok\lombok-1.18.24.jar 
java_command: c:\Users\mafat\.vscode\extensions\redhat.java-1.12.0-win32-x64\server\plugins\org.eclipse.equinox.launcher_1.6.400.v20210924-0641.jar -configuration c:\Users\mafat\AppData\Roaming\Code\User\globalStorage\redhat.java\1.12.0\config_ss_win -data c:\Users\mafat\AppData\Roaming\Code\User\workspaceStorage\0e76ea2632a4499ddf5cfbc9fd5763ab\redhat.java\ss_ws
java_class_path (initial): c:\Users\mafat\.vscode\extensions\redhat.java-1.12.0-win32-x64\server\plugins\org.eclipse.equinox.launcher_1.6.400.v20210924-0641.jar
Launcher Type: SUN_STANDARD

[Global flags]
    uintx AdaptiveSizePolicyWeight                 = 90                                        {product} {command line}
     intx CICompilerCount                          = 4                                         {product} {ergonomic}
    uintx GCTimeRatio                              = 4                                         {product} {command line}
   size_t InitialHeapSize                          = 104857600                                 {product} {command line}
   size_t MaxHeapSize                              = 1073741824                                {product} {command line}
   size_t MaxNewSize                               = 357564416                                 {product} {ergonomic}
   size_t MinHeapDeltaBytes                        = 524288                                    {product} {ergonomic}
   size_t MinHeapSize                              = 104857600                                 {product} {command line}
   size_t NewSize                                  = 34603008                                  {product} {ergonomic}
    uintx NonNMethodCodeHeapSize                   = 5839372                                {pd product} {ergonomic}
    uintx NonProfiledCodeHeapSize                  = 122909434                              {pd product} {ergonomic}
   size_t OldSize                                  = 70254592                                  {product} {ergonomic}
    uintx ProfiledCodeHeapSize                     = 122909434                              {pd product} {ergonomic}
    uintx ReservedCodeCacheSize                    = 251658240                              {pd product} {ergonomic}
     bool SegmentedCodeCache                       = true                                      {product} {ergonomic}
   size_t SoftMaxHeapSize                          = 1073741824                             {manageable} {ergonomic}
     bool UseCompressedClassPointers               = true                           {product lp64_product} {ergonomic}
     bool UseCompressedOops                        = true                           {product lp64_product} {ergonomic}
     bool UseLargePagesIndividualAllocation        = false                                  {pd product} {ergonomic}
     bool UseParallelGC                            = true                                      {product} {command line}

Logging:
Log output configuration:
 #0: stdout all=off uptime,level,tags
 #1: stderr all=off uptime,level,tags

Environment Variables:
PATH=C:\Users\mafat\AppData\Local\Programs\Python\Python310\Scripts\;C:\Users\mafat\AppData\Local\Programs\Python\Python310\;C:\Program Files\Common Files\Oracle\Java\javapath;C:\Program Files (x86)\Common Files\Oracle\Java\javapath;C:\windows\system32;C:\windows;C:\windows\System32\Wbem;C:\windows\System32\WindowsPowerShell\v1.0\;C:\windows\System32\OpenSSH\;C:\Program Files\Git\cmd;C:\Program Files\nodejs\;C:\ProgramData\chocolatey\bin;C:\Users\mafat\AppData\Local\Microsoft\WindowsApps;C:\Users\mafat\AppData\Local\Programs\Microsoft VS Code\bin;C:\Users\mafat\AppData\Local\GitHubDesktop\bin;C:\Users\mafat\AppData\Roaming\npm;C:\Users\mafat\AppData\Local\atom\bin
USERNAME=mafat
OS=Windows_NT
PROCESSOR_IDENTIFIER=Intel64 Family 6 Model 140 Stepping 1, GenuineIntel
TMP=C:\Users\mafat\AppData\Local\Temp
TEMP=C:\Users\mafat\AppData\Local\Temp



---------------  S Y S T E M  ---------------

OS:
 Windows 10 , 64 bit Build 19041 (10.0.19041.2251)
OS uptime: 2 days 3:47 hours

CPU: total 8 (initial active 8) (4 cores per cpu, 2 threads per core) family 6 model 140 stepping 1 microcode 0xa4, cx8, cmov, fxsr, ht, mmx, 3dnowpref, sse, sse2, sse3, ssse3, sse4.1, sse4.2, popcnt, lzcnt, tsc, tscinvbit, avx, avx2, aes, erms, clmul, bmi1, bmi2, adx, avx512f, avx512dq, avx512cd, avx512bw, avx512vl, sha, fma, vzeroupper, avx512_vpopcntdq, avx512_vpclmulqdq, avx512_vaes, avx512_vnni, clflush, clflushopt, clwb, avx512_vbmi2, avx512_vbmi

Memory: 4k page, system-wide physical 16064M (635M free)
TotalPageFile size 65216M (AvailPageFile size 0M)
current process WorkingSet (physical memory assigned to process): 36M, peak: 36M
current process commit charge ("private bytes"): 186M, peak: 186M

vm_info: OpenJDK 64-Bit Server VM (17.0.4.1+1) for windows-amd64 JRE (17.0.4.1+1), built on Aug 17 2022 07:42:43 by "temurin" with MS VC++ 16.7 (VS2019)

END.
