#
# There is insufficient memory for the Java Runtime Environment to continue.
# Native memory allocation (mmap) failed to map 65536 bytes for Failed to commit metaspace.
# Possible reasons:
#   The system is out of physical RAM or swap space
#   The process is running with CompressedOops enabled, and the Java Heap may be blocking the growth of the native heap
# Possible solutions:
#   Reduce memory load on the system
#   Increase physical memory or swap space
#   Check if swap backing store is full
#   Decrease Java heap size (-Xmx/-Xms)
#   Decrease number of Java threads
#   Decrease Java thread stack sizes (-Xss)
#   Set larger code cache with -XX:ReservedCodeCacheSize=
#   JVM is running with Unscaled Compressed Oops mode in which the Java heap is
#     placed in the first 4GB address space. The Java Heap base address is the
#     maximum limit for the native heap growth. Please use -XX:HeapBaseMinAddress
#     to set the Java Heap base and to place the Java Heap above 4GB virtual address.
# This output file may be truncated or incomplete.
#
#  Out of Memory Error (virtualSpaceNode.cpp:110), pid=28788, tid=29112
#
# JRE version: OpenJDK Runtime Environment Temurin-17.0.4.1+1 (17.0.4.1+1) (build 17.0.4.1+1)
# Java VM: OpenJDK 64-Bit Server VM Temurin-17.0.4.1+1 (17.0.4.1+1, mixed mode, tiered, compressed oops, compressed class ptrs, parallel gc, windows-amd64)
# No core dump will be written. Minidumps are not enabled by default on client versions of Windows
#

---------------  S U M M A R Y ------------

Command Line: --add-modules=ALL-SYSTEM --add-opens=java.base/java.util=ALL-UNNAMED --add-opens=java.base/java.lang=ALL-UNNAMED --add-opens=java.base/sun.nio.fs=ALL-UNNAMED -Declipse.application=org.eclipse.jdt.ls.core.id1 -Dosgi.bundles.defaultStartLevel=4 -Declipse.product=org.eclipse.jdt.ls.core.product -Djava.import.generatesMetadataFilesAtProjectRoot=false -Dfile.encoding=utf8 -XX:+UseParallelGC -XX:GCTimeRatio=4 -XX:AdaptiveSizePolicyWeight=90 -Dsun.zip.disableMemoryMapping=true -Xmx1G -Xms100m -Xlog:disable -javaagent:c:\Users\mafat\.vscode\extensions\redhat.java-1.12.0-win32-x64\lombok\lombok-1.18.24.jar c:\Users\mafat\.vscode\extensions\redhat.java-1.12.0-win32-x64\server\plugins\org.eclipse.equinox.launcher_1.6.400.v20210924-0641.jar -configuration c:\Users\mafat\AppData\Roaming\Code\User\globalStorage\redhat.java\1.12.0\config_ss_win -data c:\Users\mafat\AppData\Roaming\Code\User\workspaceStorage\0e76ea2632a4499ddf5cfbc9fd5763ab\redhat.java\ss_ws

Host: 11th Gen Intel(R) Core(TM) i5-1135G7 @ 2.40GHz, 8 cores, 15G,  Windows 10 , 64 bit Build 19041 (10.0.19041.2251)
Time: Thu Nov 24 12:50:53 2022 South Africa Standard Time elapsed time: 0.984685 seconds (0d 0h 0m 0s)

---------------  T H R E A D  ---------------

Current thread (0x000001b99cfd1d10):  JavaThread "main" [_thread_in_vm, id=29112, stack(0x00000092fb500000,0x00000092fb600000)]

Stack: [0x00000092fb500000,0x00000092fb600000]
Native frames: (J=compiled Java code, j=interpreted, Vv=VM code, C=native code)
V  [jvm.dll+0x67731a]
V  [jvm.dll+0x832284]
V  [jvm.dll+0x833a2e]
V  [jvm.dll+0x834093]
V  [jvm.dll+0x245775]
V  [jvm.dll+0x82e22b]
V  [jvm.dll+0x61bdf6]
V  [jvm.dll+0x1c07be]
V  [jvm.dll+0x61e741]
V  [jvm.dll+0x61c796]
V  [jvm.dll+0x239e0f]
V  [jvm.dll+0x6265a5]
V  [jvm.dll+0x1ea5db]
V  [jvm.dll+0x1eab15]
V  [jvm.dll+0x1eb54f]
V  [jvm.dll+0x1e09f1]
V  [jvm.dll+0x53c910]
V  [jvm.dll+0x7ad138]
V  [jvm.dll+0x7ad224]
V  [jvm.dll+0x40ccd5]
V  [jvm.dll+0x412ec8]
C  [java.dll+0x17ec]

Java frames: (J=compiled Java code, j=interpreted, Vv=VM code)
j  java.lang.ClassLoader.defineClass1(Ljava/lang/ClassLoader;Ljava/lang/String;[BIILjava/security/ProtectionDomain;Ljava/lang/String;)Ljava/lang/Class;+0 java.base@17.0.4.1
j  java.lang.ClassLoader.defineClass(Ljava/lang/String;[BIILjava/security/ProtectionDomain;)Ljava/lang/Class;+27 java.base@17.0.4.1
j  java.security.SecureClassLoader.defineClass(Ljava/lang/String;[BIILjava/security/CodeSource;)Ljava/lang/Class;+12 java.base@17.0.4.1
j  java.net.URLClassLoader.defineClass(Ljava/lang/String;Ljdk/internal/loader/Resource;)Ljava/lang/Class;+221 java.base@17.0.4.1
j  java.net.URLClassLoader$1.run()Ljava/lang/Class;+43 java.base@17.0.4.1
j  java.net.URLClassLoader$1.run()Ljava/lang/Object;+1 java.base@17.0.4.1
j  java.security.AccessController.executePrivileged(Ljava/security/PrivilegedExceptionAction;Ljava/security/AccessControlContext;Ljava/lang/Class;)Ljava/lang/Object;+29 java.base@17.0.4.1
j  java.security.AccessController.doPrivileged(Ljava/security/PrivilegedExceptionAction;Ljava/security/AccessControlContext;)Ljava/lang/Object;+13 java.base@17.0.4.1
j  java.net.URLClassLoader.findClass(Ljava/lang/String;)Ljava/lang/Class;+13 java.base@17.0.4.1
j  java.lang.ClassLoader.loadClass(Ljava/lang/String;Z)Ljava/lang/Class;+69 java.base@17.0.4.1
j  java.lang.ClassLoader.loadClass(Ljava/lang/String;)Ljava/lang/Class;+3 java.base@17.0.4.1
j  org.eclipse.equinox.launcher.Main.invokeFramework([Ljava/lang/String;[Ljava/net/URL;)V+151
j  org.eclipse.equinox.launcher.Main.basicRun([Ljava/lang/String;)V+159
j  org.eclipse.equinox.launcher.Main.run([Ljava/lang/String;)I+4
j  org.eclipse.equinox.launcher.Main.main([Ljava/lang/String;)V+10
v  ~StubRoutines::call_stub

---------------  P R O C E S S  ---------------

Threads class SMR info:
_java_thread_list=0x000001b9b36e3010, length=12, elements={
0x000001b99cfd1d10, 0x000001b9b0e634c0, 0x000001b9b33c2dd0, 0x000001b9b0e6e0c0,
0x000001b9b33e1030, 0x000001b9b33e1ea0, 0x000001b9b33e4770, 0x000001b9b33e7d00,
0x000001b9b33ec490, 0x000001b9b3402940, 0x000001b99d08e480, 0x000001b9b3752280
}

Java Threads: ( => current thread )
=>0x000001b99cfd1d10 JavaThread "main" [_thread_in_vm, id=29112, stack(0x00000092fb500000,0x00000092fb600000)]
  0x000001b9b0e634c0 JavaThread "Reference Handler" daemon [_thread_blocked, id=27720, stack(0x00000092fb800000,0x00000092fb900000)]
  0x000001b9b33c2dd0 JavaThread "Finalizer" daemon [_thread_blocked, id=9588, stack(0x00000092fb900000,0x00000092fba00000)]
  0x000001b9b0e6e0c0 JavaThread "Signal Dispatcher" daemon [_thread_blocked, id=19864, stack(0x00000092fba00000,0x00000092fbb00000)]
  0x000001b9b33e1030 JavaThread "Attach Listener" daemon [_thread_blocked, id=9632, stack(0x00000092fbb00000,0x00000092fbc00000)]
  0x000001b9b33e1ea0 JavaThread "Service Thread" daemon [_thread_blocked, id=26040, stack(0x00000092fbc00000,0x00000092fbd00000)]
  0x000001b9b33e4770 JavaThread "Monitor Deflation Thread" daemon [_thread_blocked, id=29148, stack(0x00000092fbd00000,0x00000092fbe00000)]
  0x000001b9b33e7d00 JavaThread "C2 CompilerThread0" daemon [_thread_in_native, id=3368, stack(0x00000092fbe00000,0x00000092fbf00000)]
  0x000001b9b33ec490 JavaThread "C1 CompilerThread0" daemon [_thread_blocked, id=9376, stack(0x00000092fbf00000,0x00000092fc000000)]
  0x000001b9b3402940 JavaThread "Sweeper thread" daemon [_thread_blocked, id=1892, stack(0x00000092fc000000,0x00000092fc100000)]
  0x000001b99d08e480 JavaThread "Common-Cleaner" daemon [_thread_blocked, id=18724, stack(0x00000092fc100000,0x00000092fc200000)]
  0x000001b9b3752280 JavaThread "Notification Thread" daemon [_thread_blocked, id=28684, stack(0x00000092fc200000,0x00000092fc300000)]

Other Threads:
  0x000001b99d0abcd0 VMThread "VM Thread" [stack: 0x00000092fb700000,0x00000092fb800000] [id=23404]
  0x000001b9b3752750 WatcherThread [stack: 0x00000092fc300000,0x00000092fc400000] [id=10688]
  0x000001b99cfe6940 GCTaskThread "GC Thread#0" [stack: 0x00000092fb600000,0x00000092fb700000] [id=2640]

Threads with active compile tasks:
C2 CompilerThread0     1014  478       4       lombok.patcher.scripts.MethodLevelPatchScript::patch (21 bytes)

VM state: not at safepoint (normal execution)

VM Mutex/Monitor currently owned by a thread:  ([mutex/lock_event])
[0x000001b99cfca5a0] Metaspace_lock - owner thread: 0x000001b99cfd1d10

Heap address: 0x00000000c0000000, size: 1024 MB, Compressed Oops mode: 32-bit

CDS archive(s) not mapped
Compressed class space mapped at: 0x0000000100000000-0x0000000140000000, reserved size: 1073741824
Narrow klass base: 0x0000000000000000, Narrow klass shift: 3, Narrow klass range: 0x140000000

GC Precious Log:
 CPUs: 8 total, 8 available
 Memory: 16064M
 Large Page Support: Disabled
 NUMA Support: Disabled
 Compressed Oops: Enabled (32-bit)
 Alignments: Space 512K, Generation 512K, Heap 2M
 Heap Min Capacity: 100M
 Heap Initial Capacity: 100M
 Heap Max Capacity: 1G
 Pre-touch: Disabled
 Parallel Workers: 8

Heap:
 PSYoungGen      total 29696K, used 16185K [0x00000000eab00000, 0x00000000ecc00000, 0x0000000100000000)
  eden space 25600K, 63% used [0x00000000eab00000,0x00000000ebace610,0x00000000ec400000)
  from space 4096K, 0% used [0x00000000ec800000,0x00000000ec800000,0x00000000ecc00000)
  to   space 4096K, 0% used [0x00000000ec400000,0x00000000ec400000,0x00000000ec800000)
 ParOldGen       total 68608K, used 0K [0x00000000c0000000, 0x00000000c4300000, 0x00000000eab00000)
  object space 68608K, 0% used [0x00000000c0000000,0x00000000c0000000,0x00000000c4300000)
 Metaspace       used 8966K, committed 9088K, reserved 1064960K
  class space    used 895K, committed 960K, reserved 1048576K

Card table byte_map: [0x000001b99c990000,0x000001b99cba0000] _byte_map_base: 0x000001b99c390000

Marking Bits: (ParMarkBitMap*) 0x00007fffb6df2cc0
 Begin Bits: [0x000001b9aec70000, 0x000001b9afc70000)
 End Bits:   [0x000001b9afc70000, 0x000001b9b0c70000)

Polling page: 0x000001b99aec0000

Metaspace:

Usage:
  Non-class:      7.88 MB used.
      Class:    895.47 KB used.
       Both:      8.76 MB used.

Virtual space:
  Non-class space:       16.00 MB reserved,       7.94 MB ( 50%) committed,  2 nodes.
      Class space:        1.00 GB reserved,     960.00 KB ( <1%) committed,  1 nodes.
             Both:        1.02 GB reserved,       8.88 MB ( <1%) committed. 

Chunk freelists:
   Non-Class:  3.87 MB
       Class:  3.09 MB
        Both:  6.96 MB

MaxMetaspaceSize: unlimited
CompressedClassSpaceSize: 1.00 GB
Initial GC threshold: 21.00 MB
Current GC threshold: 21.00 MB
CDS: off
MetaspaceReclaimPolicy: balanced
 - commit_granule_bytes: 65536.
 - commit_granule_words: 8192.
 - virtual_space_node_default_size: 1048576.
 - enlarge_chunks_in_place: 1.
 - new_chunks_are_fully_committed: 0.
 - uncommit_free_chunks: 1.
 - use_allocation_guard: 0.
 - handle_deallocations: 1.


Internal statistics:

num_allocs_failed_limit: 0.
num_arena_births: 16.
num_arena_deaths: 0.
num_vsnodes_births: 3.
num_vsnodes_deaths: 0.
num_space_committed: 142.
num_space_uncommitted: 0.
num_chunks_returned_to_freelist: 0.
num_chunks_taken_from_freelist: 53.
num_chunk_merges: 0.
num_chunk_splits: 30.
num_chunks_enlarged: 22.
num_purges: 0.
num_inconsistent_stats: 0.

CodeHeap 'non-profiled nmethods': size=120000Kb used=206Kb max_used=206Kb free=119793Kb
 bounds [0x000001b9a7740000, 0x000001b9a79b0000, 0x000001b9aec70000]
CodeHeap 'profiled nmethods': size=120000Kb used=1063Kb max_used=1063Kb free=118936Kb
 bounds [0x000001b9a0210000, 0x000001b9a0480000, 0x000001b9a7740000]
CodeHeap 'non-nmethods': size=5760Kb used=1142Kb max_used=1157Kb free=4617Kb
 bounds [0x000001b99fc70000, 0x000001b99fee0000, 0x000001b9a0210000]
 total_blobs=1061 nmethods=644 adapters=332
 compilation: enabled
              stopped_count=0, restarted_count=0
 full_count=0

Compilation events (20 events):
Event: 0.975 Thread 0x000001b9b33ec490  652       3       java.util.ArrayList::elementData (7 bytes)
Event: 0.975 Thread 0x000001b9b33ec490 nmethod 652 0x000001b9a0315f10 code [0x000001b9a03160a0, 0x000001b9a03161d8]
Event: 0.975 Thread 0x000001b9b33ec490  654       3       java.util.Hashtable::addEntry (87 bytes)
Event: 0.976 Thread 0x000001b9b33ec490 nmethod 654 0x000001b9a0316290 code [0x000001b9a0316460, 0x000001b9a0316a78]
Event: 0.976 Thread 0x000001b9b33ec490  655       3       java.util.Hashtable$Entry::<init> (26 bytes)
Event: 0.976 Thread 0x000001b9b33ec490 nmethod 655 0x000001b9a0316d10 code [0x000001b9a0316ea0, 0x000001b9a0317058]
Event: 0.976 Thread 0x000001b9b33ec490  657       3       sun.security.util.SignatureFileVerifier::updateSigners (132 bytes)
Event: 0.977 Thread 0x000001b9b33e7d00 nmethod 633 0x000001b9a7772890 code [0x000001b9a7772a40, 0x000001b9a7772e28]
Event: 0.977 Thread 0x000001b9b33e7d00  623       4       jdk.internal.util.Preconditions::checkIndex (18 bytes)
Event: 0.977 Thread 0x000001b9b33ec490 nmethod 657 0x000001b9a0317110 code [0x000001b9a03173c0, 0x000001b9a0318338]
Event: 0.977 Thread 0x000001b9b33ec490  658       3       sun.security.util.SignatureFileVerifier::matches (93 bytes)
Event: 0.978 Thread 0x000001b9b33e7d00 nmethod 623 0x000001b9a7773090 code [0x000001b9a7773200, 0x000001b9a7773298]
Event: 0.978 Thread 0x000001b9b33e7d00  636       4       java.lang.Long::reverseBytes (46 bytes)
Event: 0.978 Thread 0x000001b9b33ec490 nmethod 658 0x000001b9a0318990 code [0x000001b9a0318bc0, 0x000001b9a0319478]
Event: 0.978 Thread 0x000001b9b33ec490  659       3       jdk.internal.reflect.ClassFileAssembler::emitShort (24 bytes)
Event: 0.978 Thread 0x000001b9b33e7d00 nmethod 636 0x000001b9a7773390 code [0x000001b9a7773500, 0x000001b9a77735b8]
Event: 0.978 Thread 0x000001b9b33e7d00  532       4       java.lang.invoke.VarHandleByteArrayAsInts$ArrayHandle::get (36 bytes)
Event: 0.978 Thread 0x000001b9b33ec490 nmethod 659 0x000001b9a0319790 code [0x000001b9a0319960, 0x000001b9a0319c58]
Event: 0.980 Thread 0x000001b9b33e7d00 nmethod 532 0x000001b9a7773690 code [0x000001b9a7773820, 0x000001b9a7773938]
Event: 0.980 Thread 0x000001b9b33e7d00  478       4       lombok.patcher.scripts.MethodLevelPatchScript::patch (21 bytes)

GC Heap History (0 events):
No events

Deoptimization events (20 events):
Event: 0.868 Thread 0x000001b99cfd1d10 DEOPT PACKING pc=0x000001b9a7763e80 sp=0x00000092fb5fe160
Event: 0.868 Thread 0x000001b99cfd1d10 DEOPT UNPACKING pc=0x000001b99fcc5923 sp=0x00000092fb5fe0e0 mode 2
Event: 0.930 Thread 0x000001b99cfd1d10 Uncommon trap: trap_request=0xffffff45 fr.pc=0x000001b9a776e040 relative=0x0000000000000680
Event: 0.930 Thread 0x000001b99cfd1d10 Uncommon trap: reason=unstable_if action=reinterpret pc=0x000001b9a776e040 method=java.util.jar.Manifest$FastInputStream.readLine([BII)I @ 130 c2
Event: 0.930 Thread 0x000001b99cfd1d10 DEOPT PACKING pc=0x000001b9a776e040 sp=0x00000092fb5fea80
Event: 0.930 Thread 0x000001b99cfd1d10 DEOPT UNPACKING pc=0x000001b99fcc5923 sp=0x00000092fb5fea10 mode 2
Event: 0.935 Thread 0x000001b99cfd1d10 DEOPT PACKING pc=0x000001b9a02c5832 sp=0x00000092fb5fe750
Event: 0.935 Thread 0x000001b99cfd1d10 DEOPT UNPACKING pc=0x000001b99fcc6463 sp=0x00000092fb5fdba8 mode 0
Event: 0.937 Thread 0x000001b99cfd1d10 Uncommon trap: trap_request=0xffffff45 fr.pc=0x000001b9a776ed84 relative=0x0000000000000084
Event: 0.937 Thread 0x000001b99cfd1d10 Uncommon trap: reason=unstable_if action=reinterpret pc=0x000001b9a776ed84 method=java.lang.invoke.VarForm.getMemberName(I)Ljava/lang/invoke/MemberName; @ 8 c2
Event: 0.937 Thread 0x000001b99cfd1d10 DEOPT PACKING pc=0x000001b9a776ed84 sp=0x00000092fb5fe530
Event: 0.937 Thread 0x000001b99cfd1d10 DEOPT UNPACKING pc=0x000001b99fcc5923 sp=0x00000092fb5fe4c8 mode 2
Event: 0.971 Thread 0x000001b99cfd1d10 DEOPT PACKING pc=0x000001b9a02c5832 sp=0x00000092fb5fe940
Event: 0.971 Thread 0x000001b99cfd1d10 DEOPT UNPACKING pc=0x000001b99fcc6463 sp=0x00000092fb5fdd98 mode 0
Event: 0.972 Thread 0x000001b99cfd1d10 DEOPT PACKING pc=0x000001b9a02c5832 sp=0x00000092fb5fe940
Event: 0.972 Thread 0x000001b99cfd1d10 DEOPT UNPACKING pc=0x000001b99fcc6463 sp=0x00000092fb5fdd98 mode 0
Event: 0.972 Thread 0x000001b99cfd1d10 DEOPT PACKING pc=0x000001b9a02c5832 sp=0x00000092fb5fe940
Event: 0.972 Thread 0x000001b99cfd1d10 DEOPT UNPACKING pc=0x000001b99fcc6463 sp=0x00000092fb5fdd98 mode 0
Event: 0.972 Thread 0x000001b99cfd1d10 DEOPT PACKING pc=0x000001b9a02c5832 sp=0x00000092fb5fe940
Event: 0.972 Thread 0x000001b99cfd1d10 DEOPT UNPACKING pc=0x000001b99fcc6463 sp=0x00000092fb5fdd98 mode 0

Classes unloaded (0 events):
No events

Classes redefined (0 events):
No events

Internal exceptions (9 events):
Event: 0.263 Thread 0x000001b99cfd1d10 Exception <a 'java/lang/NoSuchMethodError'{0x00000000eacb24e8}: 'void java.lang.invoke.DirectMethodHandle$Holder.invokeStatic(java.lang.Object, java.lang.Object, java.lang.Object)'> (0x00000000eacb24e8) 
thrown [s\src\hotspot\share\interpreter\linkResolver.cpp, line 759]
Event: 0.514 Thread 0x000001b99cfd1d10 Exception <a 'java/lang/reflect/InvocationTargetException'{0x00000000eaf781f8}> (0x00000000eaf781f8) 
thrown [s\src\hotspot\share\runtime\reflection.cpp, line 1121]
Event: 0.857 Thread 0x000001b99cfd1d10 Exception <a 'java/lang/ClassNotFoundException'{0x00000000eb720448}: sun/net/www/protocol/c/Handler> (0x00000000eb720448) 
thrown [s\src\hotspot\share\classfile\systemDictionary.cpp, line 256]
Event: 0.862 Thread 0x000001b99cfd1d10 Exception <a 'java/io/FileNotFoundException'{0x00000000eb734e30}> (0x00000000eb734e30) 
thrown [s\src\hotspot\share\prims\jni.cpp, line 516]
Event: 0.862 Thread 0x000001b99cfd1d10 Exception <a 'java/io/FileNotFoundException'{0x00000000eb735b40}> (0x00000000eb735b40) 
thrown [s\src\hotspot\share\prims\jni.cpp, line 516]
Event: 0.862 Thread 0x000001b99cfd1d10 Exception <a 'java/io/FileNotFoundException'{0x00000000eb736830}> (0x00000000eb736830) 
thrown [s\src\hotspot\share\prims\jni.cpp, line 516]
Event: 0.863 Thread 0x000001b99cfd1d10 Exception <a 'java/io/FileNotFoundException'{0x00000000eb7374f0}> (0x00000000eb7374f0) 
thrown [s\src\hotspot\share\prims\jni.cpp, line 516]
Event: 0.868 Thread 0x000001b99cfd1d10 Implicit null exception at 0x000001b9a77638f2 to 0x000001b9a7763e68
Event: 0.872 Thread 0x000001b99cfd1d10 Exception <a 'java/io/FileNotFoundException'{0x00000000eb777fe0}> (0x00000000eb777fe0) 
thrown [s\src\hotspot\share\prims\jni.cpp, line 516]

VM Operations (4 events):
Event: 0.832 Executing VM operation: HandshakeAllThreads
Event: 0.832 Executing VM operation: HandshakeAllThreads done
Event: 0.850 Executing VM operation: HandshakeAllThreads
Event: 0.851 Executing VM operation: HandshakeAllThreads done

Events (20 events):
Event: 0.970 loading class jdk/internal/reflect/ClassDefiner
Event: 0.970 loading class jdk/internal/reflect/ClassDefiner done
Event: 0.970 loading class jdk/internal/reflect/ClassDefiner$1
Event: 0.970 loading class jdk/internal/reflect/ClassDefiner$1 done
Event: 0.970 loading class jdk/internal/reflect/BootstrapConstructorAccessorImpl
Event: 0.970 loading class jdk/internal/reflect/BootstrapConstructorAccessorImpl done
Event: 0.978 loading class java/io/FilePermission
Event: 0.978 loading class java/io/FilePermission done
Event: 0.978 loading class java/io/FilePermission$1
Event: 0.978 loading class jdk/internal/access/JavaIOFilePermissionAccess
Event: 0.978 loading class jdk/internal/access/JavaIOFilePermissionAccess done
Event: 0.978 loading class java/io/FilePermission$1 done
Event: 0.978 loading class sun/security/util/FilePermCompat
Event: 0.979 loading class sun/security/util/FilePermCompat done
Event: 0.979 loading class sun/security/util/SecurityProperties
Event: 0.979 loading class sun/security/util/SecurityProperties done
Event: 0.979 loading class java/io/FilePermissionCollection
Event: 0.979 loading class java/io/FilePermissionCollection done
Event: 0.979 loading class java/io/FilePermissionCollection$1
Event: 0.979 loading class java/io/FilePermissionCollection$1 done


Dynamic libraries:
0x00007ff697a10000 - 0x00007ff697a1e000 	c:\Users\mafat\.vscode\extensions\redhat.java-1.12.0-win32-x64\jre\17.0.4.1-win32-x86_64\bin\java.exe
0x00007ff803030000 - 0x00007ff803228000 	C:\windows\SYSTEM32\ntdll.dll
0x00007ff801970000 - 0x00007ff801a2f000 	C:\windows\System32\KERNEL32.DLL
0x00007ff800840000 - 0x00007ff800b12000 	C:\windows\System32\KERNELBASE.dll
0x00007ff800f80000 - 0x00007ff801080000 	C:\windows\System32\ucrtbase.dll
0x00007ffff47c0000 - 0x00007ffff47d8000 	c:\Users\mafat\.vscode\extensions\redhat.java-1.12.0-win32-x64\jre\17.0.4.1-win32-x86_64\bin\jli.dll
0x00007fffeed10000 - 0x00007fffeed29000 	c:\Users\mafat\.vscode\extensions\redhat.java-1.12.0-win32-x64\jre\17.0.4.1-win32-x86_64\bin\VCRUNTIME140.dll
0x00007ff801240000 - 0x00007ff8013dd000 	C:\windows\System32\USER32.dll
0x00007ff800e40000 - 0x00007ff800e62000 	C:\windows\System32\win32u.dll
0x00007fffe3de0000 - 0x00007fffe407a000 	C:\windows\WinSxS\amd64_microsoft.windows.common-controls_6595b64144ccf1df_6.0.19041.1110_none_60b5254171f9507e\COMCTL32.dll
0x00007ff802180000 - 0x00007ff8021ab000 	C:\windows\System32\GDI32.dll
0x00007ff8011a0000 - 0x00007ff80123e000 	C:\windows\System32\msvcrt.dll
0x00007ff800e70000 - 0x00007ff800f7f000 	C:\windows\System32\gdi32full.dll
0x00007ff800bd0000 - 0x00007ff800c6d000 	C:\windows\System32\msvcp_win.dll
0x00007ff801080000 - 0x00007ff8010b2000 	C:\windows\System32\IMM32.DLL
0x00007ffff53e0000 - 0x00007ffff53ec000 	c:\Users\mafat\.vscode\extensions\redhat.java-1.12.0-win32-x64\jre\17.0.4.1-win32-x86_64\bin\vcruntime140_1.dll
0x00007fffbc180000 - 0x00007fffbc211000 	c:\Users\mafat\.vscode\extensions\redhat.java-1.12.0-win32-x64\jre\17.0.4.1-win32-x86_64\bin\msvcp140.dll
0x00007fffb6270000 - 0x00007fffb6eb6000 	c:\Users\mafat\.vscode\extensions\redhat.java-1.12.0-win32-x64\jre\17.0.4.1-win32-x86_64\bin\server\jvm.dll
0x00007ff802210000 - 0x00007ff8022be000 	C:\windows\System32\ADVAPI32.dll
0x00007ff801740000 - 0x00007ff8017dc000 	C:\windows\System32\sechost.dll
0x00007ff801e30000 - 0x00007ff801f55000 	C:\windows\System32\RPCRT4.dll
0x00007ff801d70000 - 0x00007ff801d78000 	C:\windows\System32\PSAPI.DLL
0x00007ffff75c0000 - 0x00007ffff75c9000 	C:\windows\SYSTEM32\WSOCK32.dll
0x00007ff801c50000 - 0x00007ff801cbb000 	C:\windows\System32\WS2_32.dll
0x00007fffdf470000 - 0x00007fffdf497000 	C:\windows\SYSTEM32\WINMM.dll
0x00007ffff47e0000 - 0x00007ffff47ea000 	C:\windows\SYSTEM32\VERSION.dll
0x00007ffffefb0000 - 0x00007ffffefc2000 	C:\windows\SYSTEM32\kernel.appcore.dll
0x00007fffeec60000 - 0x00007fffeec6a000 	c:\Users\mafat\.vscode\extensions\redhat.java-1.12.0-win32-x64\jre\17.0.4.1-win32-x86_64\bin\jimage.dll
0x00007ffffed50000 - 0x00007ffffef34000 	C:\windows\SYSTEM32\DBGHELP.DLL
0x00007fffdf3f0000 - 0x00007fffdf41c000 	C:\windows\SYSTEM32\dbgcore.DLL
0x00007ff800730000 - 0x00007ff8007b2000 	C:\windows\System32\bcryptPrimitives.dll
0x00007fffeec50000 - 0x00007fffeec5e000 	c:\Users\mafat\.vscode\extensions\redhat.java-1.12.0-win32-x64\jre\17.0.4.1-win32-x86_64\bin\instrument.dll
0x00007fffe3c80000 - 0x00007fffe3ca5000 	c:\Users\mafat\.vscode\extensions\redhat.java-1.12.0-win32-x64\jre\17.0.4.1-win32-x86_64\bin\java.dll
0x00007fffed8e0000 - 0x00007fffed8f8000 	c:\Users\mafat\.vscode\extensions\redhat.java-1.12.0-win32-x64\jre\17.0.4.1-win32-x86_64\bin\zip.dll
0x00007ff8023a0000 - 0x00007ff802ae3000 	C:\windows\System32\SHELL32.dll
0x00007ffffe4f0000 - 0x00007ffffec82000 	C:\windows\SYSTEM32\windows.storage.dll
0x00007ff8013e0000 - 0x00007ff801734000 	C:\windows\System32\combase.dll
0x00007ff800190000 - 0x00007ff8001c0000 	C:\windows\SYSTEM32\Wldp.dll
0x00007ff801cc0000 - 0x00007ff801d6d000 	C:\windows\System32\SHCORE.dll
0x00007ff801be0000 - 0x00007ff801c35000 	C:\windows\System32\shlwapi.dll
0x00007ff800670000 - 0x00007ff80068f000 	C:\windows\SYSTEM32\profapi.dll
0x00007fffed7f0000 - 0x00007fffed809000 	C:\Users\mafat\.vscode\extensions\redhat.java-1.12.0-win32-x64\jre\17.0.4.1-win32-x86_64\bin\net.dll
0x00007ffffa0c0000 - 0x00007ffffa1cc000 	C:\windows\SYSTEM32\WINHTTP.dll
0x00007ff800010000 - 0x00007ff80007a000 	C:\windows\system32\mswsock.dll
0x00007fffeeb90000 - 0x00007fffeeba5000 	C:\Users\mafat\.vscode\extensions\redhat.java-1.12.0-win32-x64\jre\17.0.4.1-win32-x86_64\bin\nio.dll
0x00007fffeeb80000 - 0x00007fffeeb90000 	c:\Users\mafat\.vscode\extensions\redhat.java-1.12.0-win32-x64\jre\17.0.4.1-win32-x86_64\bin\verify.dll

dbghelp: loaded successfully - version: 4.0.5 - missing functions: none
symbol engine: initialized successfully - sym options: 0x614 - pdb path: .;c:\Users\mafat\.vscode\extensions\redhat.java-1.12.0-win32-x64\jre\17.0.4.1-win32-x86_64\bin;C:\windows\SYSTEM32;C:\windows\WinSxS\amd64_microsoft.windows.common-controls_6595b64144ccf1df_6.0.19041.1110_none_60b5254171f9507e;c:\Users\mafat\.vscode\extensions\redhat.java-1.12.0-win32-x64\jre\17.0.4.1-win32-x86_64\bin\server

VM Arguments:
jvm_args: --add-modules=ALL-SYSTEM --add-opens=java.base/java.util=ALL-UNNAMED --add-opens=java.base/java.lang=ALL-UNNAMED --add-opens=java.base/sun.nio.fs=ALL-UNNAMED -Declipse.application=org.eclipse.jdt.ls.core.id1 -Dosgi.bundles.defaultStartLevel=4 -Declipse.product=org.eclipse.jdt.ls.core.product -Djava.import.generatesMetadataFilesAtProjectRoot=false -Dfile.encoding=utf8 -XX:+UseParallelGC -XX:GCTimeRatio=4 -XX:AdaptiveSizePolicyWeight=90 -Dsun.zip.disableMemoryMapping=true -Xmx1G -Xms100m -Xlog:disable -javaagent:c:\Users\mafat\.vscode\extensions\redhat.java-1.12.0-win32-x64\lombok\lombok-1.18.24.jar 
java_command: c:\Users\mafat\.vscode\extensions\redhat.java-1.12.0-win32-x64\server\plugins\org.eclipse.equinox.launcher_1.6.400.v20210924-0641.jar -configuration c:\Users\mafat\AppData\Roaming\Code\User\globalStorage\redhat.java\1.12.0\config_ss_win -data c:\Users\mafat\AppData\Roaming\Code\User\workspaceStorage\0e76ea2632a4499ddf5cfbc9fd5763ab\redhat.java\ss_ws
java_class_path (initial): c:\Users\mafat\.vscode\extensions\redhat.java-1.12.0-win32-x64\server\plugins\org.eclipse.equinox.launcher_1.6.400.v20210924-0641.jar
Launcher Type: SUN_STANDARD

[Global flags]
    uintx AdaptiveSizePolicyWeight                 = 90                                        {product} {command line}
     intx CICompilerCount                          = 4                                         {product} {ergonomic}
    uintx GCTimeRatio                              = 4                                         {product} {command line}
   size_t InitialHeapSize                          = 104857600                                 {product} {command line}
   size_t MaxHeapSize                              = 1073741824                                {product} {command line}
   size_t MaxNewSize                               = 357564416                                 {product} {ergonomic}
   size_t MinHeapDeltaBytes                        = 524288                                    {product} {ergonomic}
   size_t MinHeapSize                              = 104857600                                 {product} {command line}
   size_t NewSize                                  = 34603008                                  {product} {ergonomic}
    uintx NonNMethodCodeHeapSize                   = 5839372                                {pd product} {ergonomic}
    uintx NonProfiledCodeHeapSize                  = 122909434                              {pd product} {ergonomic}
   size_t OldSize                                  = 70254592                                  {product} {ergonomic}
    uintx ProfiledCodeHeapSize                     = 122909434                              {pd product} {ergonomic}
    uintx ReservedCodeCacheSize                    = 251658240                              {pd product} {ergonomic}
     bool SegmentedCodeCache                       = true                                      {product} {ergonomic}
   size_t SoftMaxHeapSize                          = 1073741824                             {manageable} {ergonomic}
     bool UseCompressedClassPointers               = true                           {product lp64_product} {ergonomic}
     bool UseCompressedOops                        = true                           {product lp64_product} {ergonomic}
     bool UseLargePagesIndividualAllocation        = false                                  {pd product} {ergonomic}
     bool UseParallelGC                            = true                                      {product} {command line}

Logging:
Log output configuration:
 #0: stdout all=off uptime,level,tags
 #1: stderr all=off uptime,level,tags

Environment Variables:
PATH=C:\Users\mafat\AppData\Local\Programs\Python\Python310\Scripts\;C:\Users\mafat\AppData\Local\Programs\Python\Python310\;C:\Program Files\Common Files\Oracle\Java\javapath;C:\Program Files (x86)\Common Files\Oracle\Java\javapath;C:\windows\system32;C:\windows;C:\windows\System32\Wbem;C:\windows\System32\WindowsPowerShell\v1.0\;C:\windows\System32\OpenSSH\;C:\Program Files\Git\cmd;C:\Program Files\nodejs\;C:\ProgramData\chocolatey\bin;C:\Users\mafat\AppData\Local\Microsoft\WindowsApps;C:\Users\mafat\AppData\Local\Programs\Microsoft VS Code\bin;C:\Users\mafat\AppData\Local\GitHubDesktop\bin;C:\Users\mafat\AppData\Roaming\npm;C:\Users\mafat\AppData\Local\atom\bin
USERNAME=mafat
OS=Windows_NT
PROCESSOR_IDENTIFIER=Intel64 Family 6 Model 140 Stepping 1, GenuineIntel
TMP=C:\Users\mafat\AppData\Local\Temp
TEMP=C:\Users\mafat\AppData\Local\Temp



---------------  S Y S T E M  ---------------

OS:
 Windows 10 , 64 bit Build 19041 (10.0.19041.2251)
OS uptime: 2 days 3:49 hours

CPU: total 8 (initial active 8) (4 cores per cpu, 2 threads per core) family 6 model 140 stepping 1 microcode 0xa4, cx8, cmov, fxsr, ht, mmx, 3dnowpref, sse, sse2, sse3, ssse3, sse4.1, sse4.2, popcnt, lzcnt, tsc, tscinvbit, avx, avx2, aes, erms, clmul, bmi1, bmi2, adx, avx512f, avx512dq, avx512cd, avx512bw, avx512vl, sha, fma, vzeroupper, avx512_vpopcntdq, avx512_vpclmulqdq, avx512_vaes, avx512_vnni, clflush, clflushopt, clwb, avx512_vbmi2, avx512_vbmi

Memory: 4k page, system-wide physical 16064M (328M free)
TotalPageFile size 65216M (AvailPageFile size 254M)
current process WorkingSet (physical memory assigned to process): 58M, peak: 58M
current process commit charge ("private bytes"): 195M, peak: 195M

vm_info: OpenJDK 64-Bit Server VM (17.0.4.1+1) for windows-amd64 JRE (17.0.4.1+1), built on Aug 17 2022 07:42:43 by "temurin" with MS VC++ 16.7 (VS2019)

END.
