#
# There is insufficient memory for the Java Runtime Environment to continue.
# Native memory allocation (mmap) failed to map 264241152 bytes for G1 virtual space
# Possible reasons:
#   The system is out of physical RAM or swap space
#   The process is running with CompressedOops enabled, and the Java Heap may be blocking the growth of the native heap
# Possible solutions:
#   Reduce memory load on the system
#   Increase physical memory or swap space
#   Check if swap backing store is full
#   Decrease Java heap size (-Xmx/-Xms)
#   Decrease number of Java threads
#   Decrease Java thread stack sizes (-Xss)
#   Set larger code cache with -XX:ReservedCodeCacheSize=
#   JVM is running with Zero Based Compressed Oops mode in which the Java heap is
#     placed in the first 32GB address space. The Java Heap base address is the
#     maximum limit for the native heap growth. Please use -XX:HeapBaseMinAddress
#     to set the Java Heap base and to place the Java Heap above 32GB virtual address.
# This output file may be truncated or incomplete.
#
#  Out of Memory Error (os_windows.cpp:3530), pid=11700, tid=10792
#
# JRE version:  (18.0+36) (build )
# Java VM: Java HotSpot(TM) 64-Bit Server VM (18+36-2087, mixed mode, sharing, tiered, compressed oops, compressed class ptrs, g1 gc, windows-amd64)
# No core dump will be written. Minidumps are not enabled by default on client versions of Windows
#

---------------  S U M M A R Y ------------

Command Line: 

Host: 11th Gen Intel(R) Core(TM) i5-1135G7 @ 2.40GHz, 8 cores, 15G,  Windows 10 , 64 bit Build 19041 (10.0.19041.2251)
Time: Wed Dec 14 15:27:22 2022 South Africa Standard Time elapsed time: 0.013850 seconds (0d 0h 0m 0s)

---------------  T H R E A D  ---------------

Current thread (0x0000015b24e049f0):  JavaThread "Unknown thread" [_thread_in_vm, id=10792, stack(0x0000003c06c00000,0x0000003c06d00000)]

Stack: [0x0000003c06c00000,0x0000003c06d00000]
Native frames: (J=compiled Java code, j=interpreted, Vv=VM code, C=native code)
V  [jvm.dll+0x69804a]
V  [jvm.dll+0x7f308d]
V  [jvm.dll+0x7f499e]
V  [jvm.dll+0x7f5053]
V  [jvm.dll+0x25ca3f]
V  [jvm.dll+0x694f99]
V  [jvm.dll+0x689aca]
V  [jvm.dll+0x321efb]
V  [jvm.dll+0x3298d6]
V  [jvm.dll+0x37e47e]
V  [jvm.dll+0x37e6af]
V  [jvm.dll+0x2f9c7a]
V  [jvm.dll+0x2facdd]
V  [jvm.dll+0x7c1cc0]
V  [jvm.dll+0x38b801]
V  [jvm.dll+0x7a09d3]
V  [jvm.dll+0x40d6bf]
V  [jvm.dll+0x40f091]
C  [jli.dll+0x526b]
C  [ucrtbase.dll+0x21bb2]
C  [KERNEL32.DLL+0x174b4]
C  [ntdll.dll+0x526a1]


---------------  P R O C E S S  ---------------

Threads class SMR info:
_java_thread_list=0x00007fff8fc8e550, length=0, elements={
}

Java Threads: ( => current thread )

Other Threads:
  0x0000015b24e73f30 WorkerThread "GC Thread#0" [stack: 0x0000003c06d00000,0x0000003c06e00000] [id=9836]
  0x0000015b24e84880 ConcurrentGCThread "G1 Main Marker" [stack: 0x0000003c06e00000,0x0000003c06f00000] [id=16904]
  0x0000015b24e85920 WorkerThread "G1 Conc#0" [stack: 0x0000003c06f00000,0x0000003c07000000] [id=316]

[error occurred during error reporting (printing all threads), id 0xc0000005, EXCEPTION_ACCESS_VIOLATION (0xc0000005) at pc=0x00007fff8f4ba217]

VM state: not at safepoint (not fully initialized)

VM Mutex/Monitor currently owned by a thread:  ([mutex/lock_event])
[0x0000015b24e00d90] Heap_lock - owner thread: 0x0000015b24e049f0

Heap address: 0x0000000704e00000, size: 4018 MB, Compressed Oops mode: Zero based, Oop shift amount: 3

CDS archive(s) mapped at: [0x0000000000000000-0x0000000000000000-0x0000000000000000), size 0, SharedBaseAddress: 0x0000000800000000, ArchiveRelocationMode: 0.
Narrow klass base: 0x0000000000000000, Narrow klass shift: 0, Narrow klass range: 0x0

GC Precious Log:
 CardTable entry size: 512
 Card Set container configuration: InlinePtr #cards 4 size 8 Array Of Cards #cards 16 size 48 Howl #buckets 8 coarsen threshold 3686 Howl Bitmap #cards 512 size 80 coarsen threshold 460 Card regions per heap region 1 cards per card region 4096

Heap:
 garbage-first heap   total 0K, used 0K [0x0000000704e00000, 0x0000000800000000)
  region size 2048K, 0 young (0K), 0 survivors (0K)

[error occurred during error reporting (printing heap information), id 0xc0000005, EXCEPTION_ACCESS_VIOLATION (0xc0000005) at pc=0x00007fff8f8a0489]

GC Heap History (0 events):
No events

Deoptimization events (0 events):
No events

Classes loaded (0 events):
No events

Classes unloaded (0 events):
No events

Classes redefined (0 events):
No events

Internal exceptions (0 events):
No events

VM Operations (0 events):
No events

Events (1 events):
Event: 0.008 Loaded shared library C:\Program Files\Java\jdk-18\bin\java.dll


Dynamic libraries:
0x00007ff7c4600000 - 0x00007ff7c4610000 	C:\Program Files\Java\jdk-18\bin\java.exe
0x00007ff83a330000 - 0x00007ff83a528000 	C:\windows\SYSTEM32\ntdll.dll
0x00007ff838420000 - 0x00007ff8384df000 	C:\windows\System32\KERNEL32.DLL
0x00007ff837a30000 - 0x00007ff837d02000 	C:\windows\System32\KERNELBASE.dll
0x00007ff837dc0000 - 0x00007ff837ec0000 	C:\windows\System32\ucrtbase.dll
0x00007fffebb30000 - 0x00007fffebb4a000 	C:\Program Files\Java\jdk-18\bin\VCRUNTIME140.dll
0x00007ff815af0000 - 0x00007ff815b08000 	C:\Program Files\Java\jdk-18\bin\jli.dll
0x00007ff839a70000 - 0x00007ff839b1e000 	C:\windows\System32\ADVAPI32.dll
0x00007ff839150000 - 0x00007ff8391ee000 	C:\windows\System32\msvcrt.dll
0x00007ff838380000 - 0x00007ff83841c000 	C:\windows\System32\sechost.dll
0x00007ff8391f0000 - 0x00007ff839315000 	C:\windows\System32\RPCRT4.dll
0x00007ff838780000 - 0x00007ff83891d000 	C:\windows\System32\USER32.dll
0x00007ff838020000 - 0x00007ff838042000 	C:\windows\System32\win32u.dll
0x00007ff8385d0000 - 0x00007ff8385fb000 	C:\windows\System32\GDI32.dll
0x00007ff838050000 - 0x00007ff83815f000 	C:\windows\System32\gdi32full.dll
0x00007ff8382e0000 - 0x00007ff83837d000 	C:\windows\System32\msvcp_win.dll
0x00007ff81b570000 - 0x00007ff81b80a000 	C:\windows\WinSxS\amd64_microsoft.windows.common-controls_6595b64144ccf1df_6.0.19041.1110_none_60b5254171f9507e\COMCTL32.dll
0x00007ff82c5a0000 - 0x00007ff82c5aa000 	C:\windows\SYSTEM32\VERSION.dll
0x00007ff838f60000 - 0x00007ff838f92000 	C:\windows\System32\IMM32.DLL
0x00007ff815ad0000 - 0x00007ff815adc000 	C:\Program Files\Java\jdk-18\bin\vcruntime140_1.dll
0x00007fffea710000 - 0x00007fffea79d000 	C:\Program Files\Java\jdk-18\bin\msvcp140.dll
0x00007fff8f1b0000 - 0x00007fff8fdc1000 	C:\Program Files\Java\jdk-18\bin\server\jvm.dll
0x00007ff838600000 - 0x00007ff838608000 	C:\windows\System32\PSAPI.DLL
0x00007ff82f4c0000 - 0x00007ff82f4c9000 	C:\windows\SYSTEM32\WSOCK32.dll
0x00007ff8389a0000 - 0x00007ff838a0b000 	C:\windows\System32\WS2_32.dll
0x00007ff8165a0000 - 0x00007ff8165c7000 	C:\windows\SYSTEM32\WINMM.dll
0x00007ff836280000 - 0x00007ff836292000 	C:\windows\SYSTEM32\kernel.appcore.dll
0x00007ff8133c0000 - 0x00007ff8133ca000 	C:\Program Files\Java\jdk-18\bin\jimage.dll
0x00007ff836060000 - 0x00007ff836244000 	C:\windows\SYSTEM32\DBGHELP.DLL
0x00007ff816220000 - 0x00007ff81624c000 	C:\windows\SYSTEM32\dbgcore.DLL
0x00007ff838160000 - 0x00007ff8381e2000 	C:\windows\System32\bcryptPrimitives.dll
0x00007fffebb00000 - 0x00007fffebb25000 	C:\Program Files\Java\jdk-18\bin\java.dll

dbghelp: loaded successfully - version: 4.0.5 - missing functions: none
symbol engine: initialized successfully - sym options: 0x614 - pdb path: .;C:\Program Files\Java\jdk-18\bin;C:\windows\SYSTEM32;C:\windows\WinSxS\amd64_microsoft.windows.common-controls_6595b64144ccf1df_6.0.19041.1110_none_60b5254171f9507e;C:\Program Files\Java\jdk-18\bin\server

VM Arguments:
java_command: <unknown>
java_class_path (initial): <not set>
Launcher Type: SUN_STANDARD

[Global flags]
     intx CICompilerCount                          = 4                                         {product} {ergonomic}
     uint ConcGCThreads                            = 2                                         {product} {ergonomic}
     uint G1ConcRefinementThreads                  = 8                                         {product} {ergonomic}
   size_t G1HeapRegionSize                         = 2097152                                   {product} {ergonomic}
    uintx GCDrainStackTargetSize                   = 64                                        {product} {ergonomic}
   size_t InitialHeapSize                          = 264241152                                 {product} {ergonomic}
   size_t MarkStackSize                            = 4194304                                   {product} {ergonomic}
   size_t MaxHeapSize                              = 4213178368                                {product} {ergonomic}
   size_t MinHeapDeltaBytes                        = 2097152                                   {product} {ergonomic}
   size_t MinHeapSize                              = 8388608                                   {product} {ergonomic}
    uintx NonNMethodCodeHeapSize                   = 5839372                                {pd product} {ergonomic}
    uintx NonProfiledCodeHeapSize                  = 122909434                              {pd product} {ergonomic}
    uintx ProfiledCodeHeapSize                     = 122909434                              {pd product} {ergonomic}
    uintx ReservedCodeCacheSize                    = 251658240                              {pd product} {ergonomic}
     bool SegmentedCodeCache                       = true                                      {product} {ergonomic}
   size_t SoftMaxHeapSize                          = 4213178368                             {manageable} {ergonomic}
     bool UseCompressedClassPointers               = true                           {product lp64_product} {ergonomic}
     bool UseCompressedOops                        = true                           {product lp64_product} {ergonomic}
     bool UseG1GC                                  = true                                      {product} {ergonomic}
     bool UseLargePagesIndividualAllocation        = false                                  {pd product} {ergonomic}

Logging:
Log output configuration:
 #0: stdout all=warning uptime,level,tags foldmultilines=false
 #1: stderr all=off uptime,level,tags foldmultilines=false

Environment Variables:
PATH=C:\Users\mafat\Documents\personal Projects\CryptoCurrency\android\node_modules\.bin;C:\Users\mafat\Documents\personal Projects\CryptoCurrency\node_modules\.bin;C:\Users\mafat\Documents\personal Projects\node_modules\.bin;C:\Users\mafat\Documents\node_modules\.bin;C:\Users\mafat\node_modules\.bin;C:\Users\node_modules\.bin;C:\node_modules\.bin;C:\Program Files\nodejs;C:\Users\mafat\Documents\personal Projects\CryptoCurrency\node_modules\.bin;C:\Users\mafat\Documents\personal Projects\node_modules\.bin;C:\Users\mafat\Documents\node_modules\.bin;C:\Users\mafat\node_modules\.bin;C:\Users\node_modules\.bin;C:\node_modules\.bin;C:\Users\mafat\AppData\Roaming\npm\node_modules\npm\node_modules\@npmcli\run-script\lib\node-gyp-bin;C:\Users\mafat\AppData\Local\Programs\Python\Python310\Scripts\;C:\Users\mafat\AppData\Local\Programs\Python\Python310\;C:\Program Files\Common Files\Oracle\Java\javapath;C:\Program Files (x86)\Common Files\Oracle\Java\javapath;C:\windows\system32;C:\windows;C:\windows\System32\Wbem;C:\windows\System32\WindowsPowerShell\v1.0\;C:\windows\System32\OpenSSH\;C:\Program Files\Git\cmd;C:\Program Files\nodejs\;C:\ProgramData\chocolatey\bin;C:\Users\mafat\AppData\Local\Microsoft\WindowsApps;C:\Users\mafat\AppData\Local\Programs\Microsoft VS Code\bin;C:\Users\mafat\AppData\Local\GitHubDesktop\bin;C:\Users\mafat\AppData\Roaming\npm;C:\Users\mafat\AppData\Local\atom\bin
USERNAME=mafat
LANG=en_US.UTF-8
OS=Windows_NT
PROCESSOR_IDENTIFIER=Intel64 Family 6 Model 140 Stepping 1, GenuineIntel



---------------  S Y S T E M  ---------------

OS:
 Windows 10 , 64 bit Build 19041 (10.0.19041.2251)
OS uptime: 0 days 6:14 hours

CPU: total 8 (initial active 8) (4 cores per cpu, 2 threads per core) family 6 model 140 stepping 1 microcode 0xa4, cx8, cmov, fxsr, ht, mmx, 3dnowpref, sse, sse2, sse3, ssse3, sse4.1, sse4.2, popcnt, lzcnt, tsc, tscinvbit, avx, avx2, aes, erms, clmul, bmi1, bmi2, adx, avx512f, avx512dq, avx512cd, avx512bw, avx512vl, sha, fma, vzeroupper, avx512_vpopcntdq, avx512_vpclmulqdq, avx512_vaes, avx512_vnni, clflush, clflushopt, clwb, avx512_vbmi2, avx512_vbmi

Memory: 4k page, system-wide physical 16064M (2594M free)
TotalPageFile size 65216M (AvailPageFile size 172M)
current process WorkingSet (physical memory assigned to process): 10M, peak: 10M
current process commit charge ("private bytes"): 60M, peak: 312M

vm_info: Java HotSpot(TM) 64-Bit Server VM (18+36-2087) for windows-amd64 JRE (18+36-2087), built on Feb 15 2022 09:43:11 by "mach5one" with MS VC++ 16.8 / 16.9 (VS2019)

END.
